

Started GET "/" for 127.0.0.1 at 2015-07-28 10:57:00 +0300
Processing by Rails::WelcomeController#index as HTML
  Rendered /home/alex/.rbenv/versions/2.2.1/lib/ruby/gems/2.2.0/gems/railties-4.2.3/lib/rails/templates/rails/welcome/index.html.erb (2.1ms)
Completed 200 OK in 38ms (Views: 22.0ms | ActiveRecord: 0.0ms)


Started GET "/users/sign_in" for 127.0.0.1 at 2015-07-28 10:57:04 +0300

ActionController::RoutingError (No route matches [GET] "/users/sign_in"):
  actionpack (4.2.3) lib/action_dispatch/middleware/debug_exceptions.rb:21:in `call'
  web-console (2.2.1) lib/web_console/middleware.rb:39:in `call'
  actionpack (4.2.3) lib/action_dispatch/middleware/show_exceptions.rb:30:in `call'
  railties (4.2.3) lib/rails/rack/logger.rb:38:in `call_app'
  railties (4.2.3) lib/rails/rack/logger.rb:20:in `block in call'
  activesupport (4.2.3) lib/active_support/tagged_logging.rb:68:in `block in tagged'
  activesupport (4.2.3) lib/active_support/tagged_logging.rb:26:in `tagged'
  activesupport (4.2.3) lib/active_support/tagged_logging.rb:68:in `tagged'
  railties (4.2.3) lib/rails/rack/logger.rb:20:in `call'
  actionpack (4.2.3) lib/action_dispatch/middleware/request_id.rb:21:in `call'
  rack (1.6.4) lib/rack/methodoverride.rb:22:in `call'
  rack (1.6.4) lib/rack/runtime.rb:18:in `call'
  activesupport (4.2.3) lib/active_support/cache/strategy/local_cache_middleware.rb:28:in `call'
  rack (1.6.4) lib/rack/lock.rb:17:in `call'
  actionpack (4.2.3) lib/action_dispatch/middleware/static.rb:116:in `call'
  rack (1.6.4) lib/rack/sendfile.rb:113:in `call'
  railties (4.2.3) lib/rails/engine.rb:518:in `call'
  railties (4.2.3) lib/rails/application.rb:165:in `call'
  rack (1.6.4) lib/rack/lock.rb:17:in `call'
  rack (1.6.4) lib/rack/content_length.rb:15:in `call'
  rack (1.6.4) lib/rack/handler/webrick.rb:88:in `service'
  /home/alex/.rbenv/versions/2.2.1/lib/ruby/2.2.0/webrick/httpserver.rb:138:in `service'
  /home/alex/.rbenv/versions/2.2.1/lib/ruby/2.2.0/webrick/httpserver.rb:94:in `run'
  /home/alex/.rbenv/versions/2.2.1/lib/ruby/2.2.0/webrick/server.rb:294:in `block in start_thread'


  Rendered /home/alex/.rbenv/versions/2.2.1/lib/ruby/gems/2.2.0/gems/actionpack-4.2.3/lib/action_dispatch/middleware/templates/rescues/_trace.html.erb (2.8ms)
  Rendered /home/alex/.rbenv/versions/2.2.1/lib/ruby/gems/2.2.0/gems/actionpack-4.2.3/lib/action_dispatch/middleware/templates/routes/_table.html.erb (18.0ms)
  Rendered /home/alex/.rbenv/versions/2.2.1/lib/ruby/gems/2.2.0/gems/actionpack-4.2.3/lib/action_dispatch/middleware/templates/rescues/_request_and_response.html.erb (1.3ms)
  Rendered /home/alex/.rbenv/versions/2.2.1/lib/ruby/gems/2.2.0/gems/actionpack-4.2.3/lib/action_dispatch/middleware/templates/rescues/routing_error.html.erb within rescues/layout (62.1ms)
  Rendered /home/alex/.rbenv/versions/2.2.1/lib/ruby/gems/2.2.0/gems/web-console-2.2.1/lib/web_console/templates/_markup.html.erb (0.4ms)
  Rendered /home/alex/.rbenv/versions/2.2.1/lib/ruby/gems/2.2.0/gems/web-console-2.2.1/lib/web_console/templates/_inner_console_markup.html.erb within layouts/inlined_string (0.3ms)
  Rendered /home/alex/.rbenv/versions/2.2.1/lib/ruby/gems/2.2.0/gems/web-console-2.2.1/lib/web_console/templates/_prompt_box_markup.html.erb within layouts/inlined_string (0.3ms)
  Rendered /home/alex/.rbenv/versions/2.2.1/lib/ruby/gems/2.2.0/gems/web-console-2.2.1/lib/web_console/templates/style.css.erb within layouts/inlined_string (0.3ms)
  Rendered /home/alex/.rbenv/versions/2.2.1/lib/ruby/gems/2.2.0/gems/web-console-2.2.1/lib/web_console/templates/console.js.erb within layouts/javascript (17.4ms)
  Rendered /home/alex/.rbenv/versions/2.2.1/lib/ruby/gems/2.2.0/gems/web-console-2.2.1/lib/web_console/templates/main.js.erb within layouts/javascript (0.3ms)
  Rendered /home/alex/.rbenv/versions/2.2.1/lib/ruby/gems/2.2.0/gems/web-console-2.2.1/lib/web_console/templates/error_page.js.erb within layouts/javascript (0.4ms)
  Rendered /home/alex/.rbenv/versions/2.2.1/lib/ruby/gems/2.2.0/gems/web-console-2.2.1/lib/web_console/templates/index.html.erb (35.0ms)


Started GET "/users/sign_in" for 127.0.0.1 at 2015-07-28 11:00:46 +0300

ActionController::RoutingError (No route matches [GET] "/users/sign_in"):
  actionpack (4.2.3) lib/action_dispatch/middleware/debug_exceptions.rb:21:in `call'
  web-console (2.2.1) lib/web_console/middleware.rb:39:in `call'
  actionpack (4.2.3) lib/action_dispatch/middleware/show_exceptions.rb:30:in `call'
  railties (4.2.3) lib/rails/rack/logger.rb:38:in `call_app'
  railties (4.2.3) lib/rails/rack/logger.rb:20:in `block in call'
  activesupport (4.2.3) lib/active_support/tagged_logging.rb:68:in `block in tagged'
  activesupport (4.2.3) lib/active_support/tagged_logging.rb:26:in `tagged'
  activesupport (4.2.3) lib/active_support/tagged_logging.rb:68:in `tagged'
  railties (4.2.3) lib/rails/rack/logger.rb:20:in `call'
  actionpack (4.2.3) lib/action_dispatch/middleware/request_id.rb:21:in `call'
  rack (1.6.4) lib/rack/methodoverride.rb:22:in `call'
  rack (1.6.4) lib/rack/runtime.rb:18:in `call'
  activesupport (4.2.3) lib/active_support/cache/strategy/local_cache_middleware.rb:28:in `call'
  rack (1.6.4) lib/rack/lock.rb:17:in `call'
  actionpack (4.2.3) lib/action_dispatch/middleware/static.rb:116:in `call'
  rack (1.6.4) lib/rack/sendfile.rb:113:in `call'
  railties (4.2.3) lib/rails/engine.rb:518:in `call'
  railties (4.2.3) lib/rails/application.rb:165:in `call'
  rack (1.6.4) lib/rack/lock.rb:17:in `call'
  rack (1.6.4) lib/rack/content_length.rb:15:in `call'
  rack (1.6.4) lib/rack/handler/webrick.rb:88:in `service'
  /home/alex/.rbenv/versions/2.2.1/lib/ruby/2.2.0/webrick/httpserver.rb:138:in `service'
  /home/alex/.rbenv/versions/2.2.1/lib/ruby/2.2.0/webrick/httpserver.rb:94:in `run'
  /home/alex/.rbenv/versions/2.2.1/lib/ruby/2.2.0/webrick/server.rb:294:in `block in start_thread'


  Rendered /home/alex/.rbenv/versions/2.2.1/lib/ruby/gems/2.2.0/gems/actionpack-4.2.3/lib/action_dispatch/middleware/templates/rescues/_trace.html.erb (1.1ms)
  Rendered /home/alex/.rbenv/versions/2.2.1/lib/ruby/gems/2.2.0/gems/actionpack-4.2.3/lib/action_dispatch/middleware/templates/routes/_table.html.erb (4.9ms)
  Rendered /home/alex/.rbenv/versions/2.2.1/lib/ruby/gems/2.2.0/gems/actionpack-4.2.3/lib/action_dispatch/middleware/templates/rescues/_request_and_response.html.erb (7.8ms)
  Rendered /home/alex/.rbenv/versions/2.2.1/lib/ruby/gems/2.2.0/gems/actionpack-4.2.3/lib/action_dispatch/middleware/templates/rescues/routing_error.html.erb within rescues/layout (26.8ms)
  Rendered /home/alex/.rbenv/versions/2.2.1/lib/ruby/gems/2.2.0/gems/web-console-2.2.1/lib/web_console/templates/_markup.html.erb (0.2ms)
  Rendered /home/alex/.rbenv/versions/2.2.1/lib/ruby/gems/2.2.0/gems/web-console-2.2.1/lib/web_console/templates/_inner_console_markup.html.erb within layouts/inlined_string (0.2ms)
  Rendered /home/alex/.rbenv/versions/2.2.1/lib/ruby/gems/2.2.0/gems/web-console-2.2.1/lib/web_console/templates/_prompt_box_markup.html.erb within layouts/inlined_string (0.2ms)
  Rendered /home/alex/.rbenv/versions/2.2.1/lib/ruby/gems/2.2.0/gems/web-console-2.2.1/lib/web_console/templates/style.css.erb within layouts/inlined_string (0.3ms)
  Rendered /home/alex/.rbenv/versions/2.2.1/lib/ruby/gems/2.2.0/gems/web-console-2.2.1/lib/web_console/templates/console.js.erb within layouts/javascript (13.1ms)
  Rendered /home/alex/.rbenv/versions/2.2.1/lib/ruby/gems/2.2.0/gems/web-console-2.2.1/lib/web_console/templates/main.js.erb within layouts/javascript (0.2ms)
  Rendered /home/alex/.rbenv/versions/2.2.1/lib/ruby/gems/2.2.0/gems/web-console-2.2.1/lib/web_console/templates/error_page.js.erb within layouts/javascript (0.3ms)
  Rendered /home/alex/.rbenv/versions/2.2.1/lib/ruby/gems/2.2.0/gems/web-console-2.2.1/lib/web_console/templates/index.html.erb (34.1ms)


Started GET "/users/sign_in" for 127.0.0.1 at 2015-07-28 11:00:49 +0300

ActionController::RoutingError (No route matches [GET] "/users/sign_in"):
  actionpack (4.2.3) lib/action_dispatch/middleware/debug_exceptions.rb:21:in `call'
  web-console (2.2.1) lib/web_console/middleware.rb:39:in `call'
  actionpack (4.2.3) lib/action_dispatch/middleware/show_exceptions.rb:30:in `call'
  railties (4.2.3) lib/rails/rack/logger.rb:38:in `call_app'
  railties (4.2.3) lib/rails/rack/logger.rb:20:in `block in call'
  activesupport (4.2.3) lib/active_support/tagged_logging.rb:68:in `block in tagged'
  activesupport (4.2.3) lib/active_support/tagged_logging.rb:26:in `tagged'
  activesupport (4.2.3) lib/active_support/tagged_logging.rb:68:in `tagged'
  railties (4.2.3) lib/rails/rack/logger.rb:20:in `call'
  actionpack (4.2.3) lib/action_dispatch/middleware/request_id.rb:21:in `call'
  rack (1.6.4) lib/rack/methodoverride.rb:22:in `call'
  rack (1.6.4) lib/rack/runtime.rb:18:in `call'
  activesupport (4.2.3) lib/active_support/cache/strategy/local_cache_middleware.rb:28:in `call'
  rack (1.6.4) lib/rack/lock.rb:17:in `call'
  actionpack (4.2.3) lib/action_dispatch/middleware/static.rb:116:in `call'
  rack (1.6.4) lib/rack/sendfile.rb:113:in `call'
  railties (4.2.3) lib/rails/engine.rb:518:in `call'
  railties (4.2.3) lib/rails/application.rb:165:in `call'
  rack (1.6.4) lib/rack/lock.rb:17:in `call'
  rack (1.6.4) lib/rack/content_length.rb:15:in `call'
  rack (1.6.4) lib/rack/handler/webrick.rb:88:in `service'
  /home/alex/.rbenv/versions/2.2.1/lib/ruby/2.2.0/webrick/httpserver.rb:138:in `service'
  /home/alex/.rbenv/versions/2.2.1/lib/ruby/2.2.0/webrick/httpserver.rb:94:in `run'
  /home/alex/.rbenv/versions/2.2.1/lib/ruby/2.2.0/webrick/server.rb:294:in `block in start_thread'


  Rendered /home/alex/.rbenv/versions/2.2.1/lib/ruby/gems/2.2.0/gems/actionpack-4.2.3/lib/action_dispatch/middleware/templates/rescues/_trace.html.erb (1.9ms)
  Rendered /home/alex/.rbenv/versions/2.2.1/lib/ruby/gems/2.2.0/gems/actionpack-4.2.3/lib/action_dispatch/middleware/templates/routes/_table.html.erb (1.7ms)
  Rendered /home/alex/.rbenv/versions/2.2.1/lib/ruby/gems/2.2.0/gems/actionpack-4.2.3/lib/action_dispatch/middleware/templates/rescues/_request_and_response.html.erb (1.4ms)
  Rendered /home/alex/.rbenv/versions/2.2.1/lib/ruby/gems/2.2.0/gems/actionpack-4.2.3/lib/action_dispatch/middleware/templates/rescues/routing_error.html.erb within rescues/layout (24.1ms)
  Rendered /home/alex/.rbenv/versions/2.2.1/lib/ruby/gems/2.2.0/gems/web-console-2.2.1/lib/web_console/templates/_markup.html.erb (0.4ms)
  Rendered /home/alex/.rbenv/versions/2.2.1/lib/ruby/gems/2.2.0/gems/web-console-2.2.1/lib/web_console/templates/_inner_console_markup.html.erb within layouts/inlined_string (0.3ms)
  Rendered /home/alex/.rbenv/versions/2.2.1/lib/ruby/gems/2.2.0/gems/web-console-2.2.1/lib/web_console/templates/_prompt_box_markup.html.erb within layouts/inlined_string (0.3ms)
  Rendered /home/alex/.rbenv/versions/2.2.1/lib/ruby/gems/2.2.0/gems/web-console-2.2.1/lib/web_console/templates/style.css.erb within layouts/inlined_string (0.4ms)
  Rendered /home/alex/.rbenv/versions/2.2.1/lib/ruby/gems/2.2.0/gems/web-console-2.2.1/lib/web_console/templates/console.js.erb within layouts/javascript (19.4ms)
  Rendered /home/alex/.rbenv/versions/2.2.1/lib/ruby/gems/2.2.0/gems/web-console-2.2.1/lib/web_console/templates/main.js.erb within layouts/javascript (0.3ms)
  Rendered /home/alex/.rbenv/versions/2.2.1/lib/ruby/gems/2.2.0/gems/web-console-2.2.1/lib/web_console/templates/error_page.js.erb within layouts/javascript (0.4ms)
  Rendered /home/alex/.rbenv/versions/2.2.1/lib/ruby/gems/2.2.0/gems/web-console-2.2.1/lib/web_console/templates/index.html.erb (38.7ms)


Started GET "/" for 127.0.0.1 at 2015-07-28 11:00:54 +0300
Processing by Rails::WelcomeController#index as HTML
  Rendered /home/alex/.rbenv/versions/2.2.1/lib/ruby/gems/2.2.0/gems/railties-4.2.3/lib/rails/templates/rails/welcome/index.html.erb (0.9ms)
Completed 200 OK in 3ms (Views: 2.2ms | ActiveRecord: 0.0ms)


Started GET "/" for 127.0.0.1 at 2015-07-28 11:07:49 +0300
Processing by Rails::WelcomeController#index as HTML
  Rendered /home/alex/.rbenv/versions/2.2.1/lib/ruby/gems/2.2.0/gems/railties-4.2.3/lib/rails/templates/rails/welcome/index.html.erb (1.2ms)
Completed 200 OK in 14ms (Views: 5.3ms | ActiveRecord: 0.0ms)


Started GET "/users/sign_in" for 127.0.0.1 at 2015-07-28 11:07:58 +0300

ActionController::RoutingError (No route matches [GET] "/users/sign_in"):
  actionpack (4.2.3) lib/action_dispatch/middleware/debug_exceptions.rb:21:in `call'
  web-console (2.2.1) lib/web_console/middleware.rb:39:in `call'
  actionpack (4.2.3) lib/action_dispatch/middleware/show_exceptions.rb:30:in `call'
  railties (4.2.3) lib/rails/rack/logger.rb:38:in `call_app'
  railties (4.2.3) lib/rails/rack/logger.rb:20:in `block in call'
  activesupport (4.2.3) lib/active_support/tagged_logging.rb:68:in `block in tagged'
  activesupport (4.2.3) lib/active_support/tagged_logging.rb:26:in `tagged'
  activesupport (4.2.3) lib/active_support/tagged_logging.rb:68:in `tagged'
  railties (4.2.3) lib/rails/rack/logger.rb:20:in `call'
  actionpack (4.2.3) lib/action_dispatch/middleware/request_id.rb:21:in `call'
  rack (1.6.4) lib/rack/methodoverride.rb:22:in `call'
  rack (1.6.4) lib/rack/runtime.rb:18:in `call'
  activesupport (4.2.3) lib/active_support/cache/strategy/local_cache_middleware.rb:28:in `call'
  rack (1.6.4) lib/rack/lock.rb:17:in `call'
  actionpack (4.2.3) lib/action_dispatch/middleware/static.rb:116:in `call'
  rack (1.6.4) lib/rack/sendfile.rb:113:in `call'
  railties (4.2.3) lib/rails/engine.rb:518:in `call'
  railties (4.2.3) lib/rails/application.rb:165:in `call'
  rack (1.6.4) lib/rack/lock.rb:17:in `call'
  rack (1.6.4) lib/rack/content_length.rb:15:in `call'
  rack (1.6.4) lib/rack/handler/webrick.rb:88:in `service'
  /home/alex/.rbenv/versions/2.2.1/lib/ruby/2.2.0/webrick/httpserver.rb:138:in `service'
  /home/alex/.rbenv/versions/2.2.1/lib/ruby/2.2.0/webrick/httpserver.rb:94:in `run'
  /home/alex/.rbenv/versions/2.2.1/lib/ruby/2.2.0/webrick/server.rb:294:in `block in start_thread'


  Rendered /home/alex/.rbenv/versions/2.2.1/lib/ruby/gems/2.2.0/gems/actionpack-4.2.3/lib/action_dispatch/middleware/templates/rescues/_trace.html.erb (2.1ms)
  Rendered /home/alex/.rbenv/versions/2.2.1/lib/ruby/gems/2.2.0/gems/actionpack-4.2.3/lib/action_dispatch/middleware/templates/routes/_table.html.erb (21.1ms)
  Rendered /home/alex/.rbenv/versions/2.2.1/lib/ruby/gems/2.2.0/gems/actionpack-4.2.3/lib/action_dispatch/middleware/templates/rescues/_request_and_response.html.erb (1.6ms)
  Rendered /home/alex/.rbenv/versions/2.2.1/lib/ruby/gems/2.2.0/gems/actionpack-4.2.3/lib/action_dispatch/middleware/templates/rescues/routing_error.html.erb within rescues/layout (46.4ms)
  Rendered /home/alex/.rbenv/versions/2.2.1/lib/ruby/gems/2.2.0/gems/web-console-2.2.1/lib/web_console/templates/_markup.html.erb (0.3ms)
  Rendered /home/alex/.rbenv/versions/2.2.1/lib/ruby/gems/2.2.0/gems/web-console-2.2.1/lib/web_console/templates/_inner_console_markup.html.erb within layouts/inlined_string (0.3ms)
  Rendered /home/alex/.rbenv/versions/2.2.1/lib/ruby/gems/2.2.0/gems/web-console-2.2.1/lib/web_console/templates/_prompt_box_markup.html.erb within layouts/inlined_string (0.3ms)
  Rendered /home/alex/.rbenv/versions/2.2.1/lib/ruby/gems/2.2.0/gems/web-console-2.2.1/lib/web_console/templates/style.css.erb within layouts/inlined_string (0.3ms)
  Rendered /home/alex/.rbenv/versions/2.2.1/lib/ruby/gems/2.2.0/gems/web-console-2.2.1/lib/web_console/templates/console.js.erb within layouts/javascript (17.5ms)
  Rendered /home/alex/.rbenv/versions/2.2.1/lib/ruby/gems/2.2.0/gems/web-console-2.2.1/lib/web_console/templates/main.js.erb within layouts/javascript (0.3ms)
  Rendered /home/alex/.rbenv/versions/2.2.1/lib/ruby/gems/2.2.0/gems/web-console-2.2.1/lib/web_console/templates/error_page.js.erb within layouts/javascript (0.3ms)
  Rendered /home/alex/.rbenv/versions/2.2.1/lib/ruby/gems/2.2.0/gems/web-console-2.2.1/lib/web_console/templates/index.html.erb (34.9ms)


Started GET "/users/sign_in" for 127.0.0.1 at 2015-07-28 11:08:11 +0300

ActionController::RoutingError (No route matches [GET] "/users/sign_in"):
  actionpack (4.2.3) lib/action_dispatch/middleware/debug_exceptions.rb:21:in `call'
  web-console (2.2.1) lib/web_console/middleware.rb:39:in `call'
  actionpack (4.2.3) lib/action_dispatch/middleware/show_exceptions.rb:30:in `call'
  railties (4.2.3) lib/rails/rack/logger.rb:38:in `call_app'
  railties (4.2.3) lib/rails/rack/logger.rb:20:in `block in call'
  activesupport (4.2.3) lib/active_support/tagged_logging.rb:68:in `block in tagged'
  activesupport (4.2.3) lib/active_support/tagged_logging.rb:26:in `tagged'
  activesupport (4.2.3) lib/active_support/tagged_logging.rb:68:in `tagged'
  railties (4.2.3) lib/rails/rack/logger.rb:20:in `call'
  actionpack (4.2.3) lib/action_dispatch/middleware/request_id.rb:21:in `call'
  rack (1.6.4) lib/rack/methodoverride.rb:22:in `call'
  rack (1.6.4) lib/rack/runtime.rb:18:in `call'
  activesupport (4.2.3) lib/active_support/cache/strategy/local_cache_middleware.rb:28:in `call'
  rack (1.6.4) lib/rack/lock.rb:17:in `call'
  actionpack (4.2.3) lib/action_dispatch/middleware/static.rb:116:in `call'
  rack (1.6.4) lib/rack/sendfile.rb:113:in `call'
  railties (4.2.3) lib/rails/engine.rb:518:in `call'
  railties (4.2.3) lib/rails/application.rb:165:in `call'
  rack (1.6.4) lib/rack/lock.rb:17:in `call'
  rack (1.6.4) lib/rack/content_length.rb:15:in `call'
  rack (1.6.4) lib/rack/handler/webrick.rb:88:in `service'
  /home/alex/.rbenv/versions/2.2.1/lib/ruby/2.2.0/webrick/httpserver.rb:138:in `service'
  /home/alex/.rbenv/versions/2.2.1/lib/ruby/2.2.0/webrick/httpserver.rb:94:in `run'
  /home/alex/.rbenv/versions/2.2.1/lib/ruby/2.2.0/webrick/server.rb:294:in `block in start_thread'


  Rendered /home/alex/.rbenv/versions/2.2.1/lib/ruby/gems/2.2.0/gems/actionpack-4.2.3/lib/action_dispatch/middleware/templates/rescues/_trace.html.erb (2.1ms)
  Rendered /home/alex/.rbenv/versions/2.2.1/lib/ruby/gems/2.2.0/gems/actionpack-4.2.3/lib/action_dispatch/middleware/templates/routes/_table.html.erb (1.8ms)
  Rendered /home/alex/.rbenv/versions/2.2.1/lib/ruby/gems/2.2.0/gems/actionpack-4.2.3/lib/action_dispatch/middleware/templates/rescues/_request_and_response.html.erb (1.4ms)
  Rendered /home/alex/.rbenv/versions/2.2.1/lib/ruby/gems/2.2.0/gems/actionpack-4.2.3/lib/action_dispatch/middleware/templates/rescues/routing_error.html.erb within rescues/layout (24.8ms)
  Rendered /home/alex/.rbenv/versions/2.2.1/lib/ruby/gems/2.2.0/gems/web-console-2.2.1/lib/web_console/templates/_markup.html.erb (0.6ms)
  Rendered /home/alex/.rbenv/versions/2.2.1/lib/ruby/gems/2.2.0/gems/web-console-2.2.1/lib/web_console/templates/_inner_console_markup.html.erb within layouts/inlined_string (0.3ms)
  Rendered /home/alex/.rbenv/versions/2.2.1/lib/ruby/gems/2.2.0/gems/web-console-2.2.1/lib/web_console/templates/_prompt_box_markup.html.erb within layouts/inlined_string (0.3ms)
  Rendered /home/alex/.rbenv/versions/2.2.1/lib/ruby/gems/2.2.0/gems/web-console-2.2.1/lib/web_console/templates/style.css.erb within layouts/inlined_string (0.3ms)
  Rendered /home/alex/.rbenv/versions/2.2.1/lib/ruby/gems/2.2.0/gems/web-console-2.2.1/lib/web_console/templates/console.js.erb within layouts/javascript (19.1ms)
  Rendered /home/alex/.rbenv/versions/2.2.1/lib/ruby/gems/2.2.0/gems/web-console-2.2.1/lib/web_console/templates/main.js.erb within layouts/javascript (0.3ms)
  Rendered /home/alex/.rbenv/versions/2.2.1/lib/ruby/gems/2.2.0/gems/web-console-2.2.1/lib/web_console/templates/error_page.js.erb within layouts/javascript (0.4ms)
  Rendered /home/alex/.rbenv/versions/2.2.1/lib/ruby/gems/2.2.0/gems/web-console-2.2.1/lib/web_console/templates/index.html.erb (39.4ms)
  [1m[36m (43.3ms)[0m  [1mCREATE TABLE "schema_migrations" ("version" character varying NOT NULL) [0m
  [1m[35m (51.8ms)[0m  CREATE UNIQUE INDEX  "unique_schema_migrations" ON "schema_migrations"  ("version")
  [1m[36mActiveRecord::SchemaMigration Load (0.8ms)[0m  [1mSELECT "schema_migrations".* FROM "schema_migrations"[0m
Migrating to DeviseCreateUsers (20150728080930)
  [1m[35m (0.3ms)[0m  BEGIN
  [1m[36m (88.3ms)[0m  [1mCREATE TABLE "users" ("id" serial primary key, "email" character varying DEFAULT '' NOT NULL, "encrypted_password" character varying DEFAULT '' NOT NULL, "reset_password_token" character varying, "reset_password_sent_at" timestamp, "remember_created_at" timestamp, "sign_in_count" integer DEFAULT 0 NOT NULL, "current_sign_in_at" timestamp, "last_sign_in_at" timestamp, "current_sign_in_ip" inet, "last_sign_in_ip" inet, "created_at" timestamp NOT NULL, "updated_at" timestamp NOT NULL) [0m
  [1m[35m (29.5ms)[0m  CREATE UNIQUE INDEX  "index_users_on_email" ON "users"  ("email")
  [1m[36m (35.2ms)[0m  [1mCREATE UNIQUE INDEX  "index_users_on_reset_password_token" ON "users"  ("reset_password_token")[0m
  [1m[35mSQL (0.5ms)[0m  INSERT INTO "schema_migrations" ("version") VALUES ($1)  [["version", "20150728080930"]]
  [1m[36m (10.1ms)[0m  [1mCOMMIT[0m
  [1m[35mActiveRecord::SchemaMigration Load (0.6ms)[0m  SELECT "schema_migrations".* FROM "schema_migrations"
  [1m[36m (4.8ms)[0m  [1mSELECT t2.oid::regclass::text AS to_table, a1.attname AS column, a2.attname AS primary_key, c.conname AS name, c.confupdtype AS on_update, c.confdeltype AS on_delete
FROM pg_constraint c
JOIN pg_class t1 ON c.conrelid = t1.oid
JOIN pg_class t2 ON c.confrelid = t2.oid
JOIN pg_attribute a1 ON a1.attnum = c.conkey[1] AND a1.attrelid = t1.oid
JOIN pg_attribute a2 ON a2.attnum = c.confkey[1] AND a2.attrelid = t2.oid
JOIN pg_namespace t3 ON c.connamespace = t3.oid
WHERE c.contype = 'f'
  AND t1.relname = 'users'
  AND t3.nspname = ANY (current_schemas(false))
ORDER BY c.conname
[0m


Started GET "/users/sign_in" for 127.0.0.1 at 2015-07-28 11:09:47 +0300
  [1m[36mActiveRecord::SchemaMigration Load (0.6ms)[0m  [1mSELECT "schema_migrations".* FROM "schema_migrations"[0m
Processing by Devise::SessionsController#new as HTML
  Rendered /home/alex/.rbenv/versions/2.2.1/lib/ruby/gems/2.2.0/gems/devise-3.5.1/app/views/devise/shared/_links.html.erb (1.5ms)
  Rendered /home/alex/.rbenv/versions/2.2.1/lib/ruby/gems/2.2.0/gems/devise-3.5.1/app/views/devise/sessions/new.html.erb within layouts/application (27.7ms)
Completed 200 OK in 1008ms (Views: 970.6ms | ActiveRecord: 4.9ms)


Started GET "/" for 127.0.0.1 at 2015-07-28 11:09:57 +0300
Processing by Rails::WelcomeController#index as HTML
  Rendered /home/alex/.rbenv/versions/2.2.1/lib/ruby/gems/2.2.0/gems/railties-4.2.3/lib/rails/templates/rails/welcome/index.html.erb (2.0ms)
Completed 200 OK in 6ms (Views: 4.2ms | ActiveRecord: 0.0ms)


Started GET "/users/sign_up" for 127.0.0.1 at 2015-07-28 11:10:00 +0300
Processing by Devise::RegistrationsController#new as HTML
  Rendered /home/alex/.rbenv/versions/2.2.1/lib/ruby/gems/2.2.0/gems/devise-3.5.1/app/views/devise/shared/_links.html.erb (0.5ms)
  Rendered /home/alex/.rbenv/versions/2.2.1/lib/ruby/gems/2.2.0/gems/devise-3.5.1/app/views/devise/registrations/new.html.erb within layouts/application (14.6ms)
Completed 200 OK in 69ms (Views: 66.2ms | ActiveRecord: 0.0ms)


Started GET "/" for 127.0.0.1 at 2015-07-28 11:13:28 +0300
  [1m[36mActiveRecord::SchemaMigration Load (0.6ms)[0m  [1mSELECT "schema_migrations".* FROM "schema_migrations"[0m
Processing by Rails::WelcomeController#index as HTML
  Rendered /home/alex/.rbenv/versions/2.2.1/lib/ruby/gems/2.2.0/gems/railties-4.2.3/lib/rails/templates/rails/welcome/index.html.erb (1.6ms)
Completed 200 OK in 18ms (Views: 6.6ms | ActiveRecord: 0.0ms)


Started GET "/users/sign_in" for 127.0.0.1 at 2015-07-28 11:13:32 +0300
Processing by Devise::SessionsController#new as HTML
  Rendered /home/alex/.rbenv/versions/2.2.1/lib/ruby/gems/2.2.0/gems/devise-3.5.1/app/views/devise/shared/_links.html.erb (1.5ms)
  Rendered /home/alex/.rbenv/versions/2.2.1/lib/ruby/gems/2.2.0/gems/devise-3.5.1/app/views/devise/sessions/new.html.erb within layouts/application (25.2ms)
Completed 200 OK in 226ms (Views: 201.7ms | ActiveRecord: 3.6ms)


Started POST "/users/sign_in" for 127.0.0.1 at 2015-07-28 11:14:15 +0300
Processing by Devise::SessionsController#create as HTML
  Parameters: {"utf8"=>"✓", "authenticity_token"=>"wZq47L0xqX2QxqQGiiecAMOaXaeQJegKHM8QR9fYTziergihOiaYH6obVDPaC5bTMFjBoDm/X5ihd/iz5HxWeA==", "user"=>{"email"=>"alex@yahoo.com", "password"=>"[FILTERED]", "remember_me"=>"0"}, "commit"=>"Log in"}
  [1m[35mUser Load (0.8ms)[0m  SELECT  "users".* FROM "users" WHERE "users"."email" = $1  ORDER BY "users"."id" ASC LIMIT 1  [["email", "alex@yahoo.com"]]
Completed 401 Unauthorized in 13ms (ActiveRecord: 1.2ms)
Processing by Devise::SessionsController#new as HTML
  Parameters: {"utf8"=>"✓", "authenticity_token"=>"wZq47L0xqX2QxqQGiiecAMOaXaeQJegKHM8QR9fYTziergihOiaYH6obVDPaC5bTMFjBoDm/X5ihd/iz5HxWeA==", "user"=>{"email"=>"alex@yahoo.com", "password"=>"[FILTERED]", "remember_me"=>"0"}, "commit"=>"Log in"}
  Rendered /home/alex/.rbenv/versions/2.2.1/lib/ruby/gems/2.2.0/gems/devise-3.5.1/app/views/devise/shared/_links.html.erb (0.3ms)
  Rendered /home/alex/.rbenv/versions/2.2.1/lib/ruby/gems/2.2.0/gems/devise-3.5.1/app/views/devise/sessions/new.html.erb within layouts/application (2.7ms)
Completed 200 OK in 103ms (Views: 17.9ms | ActiveRecord: 0.0ms)


Started POST "/users/sign_in" for 127.0.0.1 at 2015-07-28 11:14:18 +0300
Processing by Devise::SessionsController#create as HTML
  Parameters: {"utf8"=>"✓", "authenticity_token"=>"FaiP3gydTiTt0wEBHru2BIOqIfteW8dGMEC9lb8sQDBKnD+Ti4p/RtcO8TROl7zXcGi9/PfBcNSN+FVhjIhZcA==", "user"=>{"email"=>"alex@yahoo.com", "password"=>"[FILTERED]", "remember_me"=>"0"}, "commit"=>"Log in"}
  [1m[36mUser Load (0.6ms)[0m  [1mSELECT  "users".* FROM "users" WHERE "users"."email" = $1  ORDER BY "users"."id" ASC LIMIT 1[0m  [["email", "alex@yahoo.com"]]
Completed 401 Unauthorized in 3ms (ActiveRecord: 0.6ms)
Processing by Devise::SessionsController#new as HTML
  Parameters: {"utf8"=>"✓", "authenticity_token"=>"FaiP3gydTiTt0wEBHru2BIOqIfteW8dGMEC9lb8sQDBKnD+Ti4p/RtcO8TROl7zXcGi9/PfBcNSN+FVhjIhZcA==", "user"=>{"email"=>"alex@yahoo.com", "password"=>"[FILTERED]", "remember_me"=>"0"}, "commit"=>"Log in"}
  Rendered /home/alex/.rbenv/versions/2.2.1/lib/ruby/gems/2.2.0/gems/devise-3.5.1/app/views/devise/shared/_links.html.erb (0.3ms)
  Rendered /home/alex/.rbenv/versions/2.2.1/lib/ruby/gems/2.2.0/gems/devise-3.5.1/app/views/devise/sessions/new.html.erb within layouts/application (2.7ms)
Completed 200 OK in 124ms (Views: 19.1ms | ActiveRecord: 0.0ms)


Started POST "/users/sign_in" for 127.0.0.1 at 2015-07-28 11:14:20 +0300
Processing by Devise::SessionsController#create as HTML
  Parameters: {"utf8"=>"✓", "authenticity_token"=>"VLYEWeAgmg2Jvsd1YWqfnKvHKNrx7Ms/K0h5M2OfznkLgrQUZzerb7NjN0AxRpVPWAW03Vh2fK2W8JHHUDvXOQ==", "user"=>{"email"=>"alex@yahoo.com", "password"=>"[FILTERED]", "remember_me"=>"0"}, "commit"=>"Log in"}
  [1m[35mUser Load (0.6ms)[0m  SELECT  "users".* FROM "users" WHERE "users"."email" = $1  ORDER BY "users"."id" ASC LIMIT 1  [["email", "alex@yahoo.com"]]
Completed 401 Unauthorized in 4ms (ActiveRecord: 0.6ms)
Processing by Devise::SessionsController#new as HTML
  Parameters: {"utf8"=>"✓", "authenticity_token"=>"VLYEWeAgmg2Jvsd1YWqfnKvHKNrx7Ms/K0h5M2OfznkLgrQUZzerb7NjN0AxRpVPWAW03Vh2fK2W8JHHUDvXOQ==", "user"=>{"email"=>"alex@yahoo.com", "password"=>"[FILTERED]", "remember_me"=>"0"}, "commit"=>"Log in"}
  Rendered /home/alex/.rbenv/versions/2.2.1/lib/ruby/gems/2.2.0/gems/devise-3.5.1/app/views/devise/shared/_links.html.erb (0.3ms)
  Rendered /home/alex/.rbenv/versions/2.2.1/lib/ruby/gems/2.2.0/gems/devise-3.5.1/app/views/devise/sessions/new.html.erb within layouts/application (2.8ms)
Completed 200 OK in 134ms (Views: 20.6ms | ActiveRecord: 0.0ms)


Started POST "/users/sign_in" for 127.0.0.1 at 2015-07-28 11:14:21 +0300
Processing by Devise::SessionsController#create as HTML
  Parameters: {"utf8"=>"✓", "authenticity_token"=>"ZGwKglOypN4TQFK0ym3eE9ZiJsvzg3rRB6aJ0G537RI7WLrP1KWVvCmdooGaQdTAJaC6zFoZzUO6HmEkXdP0Ug==", "user"=>{"email"=>"alex@yahoo.com", "password"=>"[FILTERED]", "remember_me"=>"0"}, "commit"=>"Log in"}
  [1m[36mUser Load (0.7ms)[0m  [1mSELECT  "users".* FROM "users" WHERE "users"."email" = $1  ORDER BY "users"."id" ASC LIMIT 1[0m  [["email", "alex@yahoo.com"]]
Completed 401 Unauthorized in 3ms (ActiveRecord: 0.7ms)
Processing by Devise::SessionsController#new as HTML
  Parameters: {"utf8"=>"✓", "authenticity_token"=>"ZGwKglOypN4TQFK0ym3eE9ZiJsvzg3rRB6aJ0G537RI7WLrP1KWVvCmdooGaQdTAJaC6zFoZzUO6HmEkXdP0Ug==", "user"=>{"email"=>"alex@yahoo.com", "password"=>"[FILTERED]", "remember_me"=>"0"}, "commit"=>"Log in"}
  Rendered /home/alex/.rbenv/versions/2.2.1/lib/ruby/gems/2.2.0/gems/devise-3.5.1/app/views/devise/shared/_links.html.erb (0.3ms)
  Rendered /home/alex/.rbenv/versions/2.2.1/lib/ruby/gems/2.2.0/gems/devise-3.5.1/app/views/devise/sessions/new.html.erb within layouts/application (2.7ms)
Completed 200 OK in 144ms (Views: 40.0ms | ActiveRecord: 0.0ms)


Started POST "/users/sign_in" for 127.0.0.1 at 2015-07-28 11:14:32 +0300
Processing by Devise::SessionsController#create as HTML
  Parameters: {"utf8"=>"✓", "authenticity_token"=>"NyE1jFMxecOzAHav3jm/4Uoqi45pqkXCTDz0B/vr4x9oFYXB1CZIoYndhpqOFbUyuegXicAw8lDxhBzzyE/6Xw==", "user"=>{"email"=>"alex@yahoo.com", "password"=>"[FILTERED]", "remember_me"=>"0"}, "commit"=>"Log in"}
  [1m[35mUser Load (0.7ms)[0m  SELECT  "users".* FROM "users" WHERE "users"."email" = $1  ORDER BY "users"."id" ASC LIMIT 1  [["email", "alex@yahoo.com"]]
Completed 401 Unauthorized in 4ms (ActiveRecord: 0.7ms)
Processing by Devise::SessionsController#new as HTML
  Parameters: {"utf8"=>"✓", "authenticity_token"=>"NyE1jFMxecOzAHav3jm/4Uoqi45pqkXCTDz0B/vr4x9oFYXB1CZIoYndhpqOFbUyuegXicAw8lDxhBzzyE/6Xw==", "user"=>{"email"=>"alex@yahoo.com", "password"=>"[FILTERED]", "remember_me"=>"0"}, "commit"=>"Log in"}
  Rendered /home/alex/.rbenv/versions/2.2.1/lib/ruby/gems/2.2.0/gems/devise-3.5.1/app/views/devise/shared/_links.html.erb (0.4ms)
  Rendered /home/alex/.rbenv/versions/2.2.1/lib/ruby/gems/2.2.0/gems/devise-3.5.1/app/views/devise/sessions/new.html.erb within layouts/application (3.1ms)
Completed 200 OK in 127ms (Views: 22.3ms | ActiveRecord: 0.0ms)


Started POST "/users/sign_in" for 127.0.0.1 at 2015-07-28 11:14:36 +0300
Processing by Devise::SessionsController#create as HTML
  Parameters: {"utf8"=>"✓", "authenticity_token"=>"mhs7ATAKKudKiyeuzjvkeH88w5u4SDhJJQTA0Cib6fDFL4tMtx0bhXBW15ueF+6rjP5fnBHSj9uYvCgkGz/wsA==", "user"=>{"email"=>"alex@yahoo.com", "password"=>"[FILTERED]", "remember_me"=>"0"}, "commit"=>"Log in"}
  [1m[36mUser Load (0.6ms)[0m  [1mSELECT  "users".* FROM "users" WHERE "users"."email" = $1  ORDER BY "users"."id" ASC LIMIT 1[0m  [["email", "alex@yahoo.com"]]
Completed 401 Unauthorized in 3ms (ActiveRecord: 0.6ms)
Processing by Devise::SessionsController#new as HTML
  Parameters: {"utf8"=>"✓", "authenticity_token"=>"mhs7ATAKKudKiyeuzjvkeH88w5u4SDhJJQTA0Cib6fDFL4tMtx0bhXBW15ueF+6rjP5fnBHSj9uYvCgkGz/wsA==", "user"=>{"email"=>"alex@yahoo.com", "password"=>"[FILTERED]", "remember_me"=>"0"}, "commit"=>"Log in"}
  Rendered /home/alex/.rbenv/versions/2.2.1/lib/ruby/gems/2.2.0/gems/devise-3.5.1/app/views/devise/shared/_links.html.erb (0.3ms)
  Rendered /home/alex/.rbenv/versions/2.2.1/lib/ruby/gems/2.2.0/gems/devise-3.5.1/app/views/devise/sessions/new.html.erb within layouts/application (2.8ms)
Completed 200 OK in 128ms (Views: 22.0ms | ActiveRecord: 0.0ms)


Started POST "/users/sign_in" for 127.0.0.1 at 2015-07-28 11:14:40 +0300
Processing by Devise::SessionsController#create as HTML
  Parameters: {"utf8"=>"✓", "authenticity_token"=>"VaI1kyVreEfL9w3p5SOGQUTtYLXJMVw/bYpl8vkuoqwKloXeonxJJfEq/dy1D4ySty/8smCr663QMo0Gyoq77A==", "user"=>{"email"=>"alex@yahoo.com", "password"=>"[FILTERED]", "remember_me"=>"0"}, "commit"=>"Log in"}
  [1m[35mUser Load (0.5ms)[0m  SELECT  "users".* FROM "users" WHERE "users"."email" = $1  ORDER BY "users"."id" ASC LIMIT 1  [["email", "alex@yahoo.com"]]
Completed 401 Unauthorized in 3ms (ActiveRecord: 0.5ms)
Processing by Devise::SessionsController#new as HTML
  Parameters: {"utf8"=>"✓", "authenticity_token"=>"VaI1kyVreEfL9w3p5SOGQUTtYLXJMVw/bYpl8vkuoqwKloXeonxJJfEq/dy1D4ySty/8smCr663QMo0Gyoq77A==", "user"=>{"email"=>"alex@yahoo.com", "password"=>"[FILTERED]", "remember_me"=>"0"}, "commit"=>"Log in"}
  Rendered /home/alex/.rbenv/versions/2.2.1/lib/ruby/gems/2.2.0/gems/devise-3.5.1/app/views/devise/shared/_links.html.erb (0.3ms)
  Rendered /home/alex/.rbenv/versions/2.2.1/lib/ruby/gems/2.2.0/gems/devise-3.5.1/app/views/devise/sessions/new.html.erb within layouts/application (4.1ms)
Completed 200 OK in 146ms (Views: 41.4ms | ActiveRecord: 0.0ms)


Started GET "/users/sign_up" for 127.0.0.1 at 2015-07-28 11:14:48 +0300
Processing by Devise::RegistrationsController#new as HTML
  Rendered /home/alex/.rbenv/versions/2.2.1/lib/ruby/gems/2.2.0/gems/devise-3.5.1/app/views/devise/shared/_links.html.erb (1.0ms)
  Rendered /home/alex/.rbenv/versions/2.2.1/lib/ruby/gems/2.2.0/gems/devise-3.5.1/app/views/devise/registrations/new.html.erb within layouts/application (8.9ms)
Completed 200 OK in 50ms (Views: 47.3ms | ActiveRecord: 0.0ms)


Started POST "/users" for 127.0.0.1 at 2015-07-28 11:14:59 +0300
Processing by Devise::RegistrationsController#create as HTML
  Parameters: {"utf8"=>"✓", "authenticity_token"=>"r39SHubFetq39PHvhtfxIJl3/T43GpGBUFTqSao17DnwS+JTYdJLuI0pAdrW+/vzarVhOZ6AJhPt7AK9mZH1eQ==", "user"=>{"email"=>"alex@yahoo.com", "password"=>"[FILTERED]", "password_confirmation"=>"[FILTERED]"}, "commit"=>"Sign up"}
  [1m[36m (0.3ms)[0m  [1mBEGIN[0m
  [1m[35mUser Exists (0.8ms)[0m  SELECT  1 AS one FROM "users" WHERE "users"."email" = 'alex@yahoo.com' LIMIT 1
  [1m[36mSQL (0.8ms)[0m  [1mINSERT INTO "users" ("email", "encrypted_password", "created_at", "updated_at") VALUES ($1, $2, $3, $4) RETURNING "id"[0m  [["email", "alex@yahoo.com"], ["encrypted_password", "$2a$10$Vc0cPXYVLp0PSGItfa9YOO61wySTGTg0yj6lxypnRACwzUS9g2sHK"], ["created_at", "2015-07-28 08:14:59.692269"], ["updated_at", "2015-07-28 08:14:59.692269"]]
  [1m[35m (10.1ms)[0m  COMMIT
  [1m[36m (0.3ms)[0m  [1mBEGIN[0m
  [1m[35mSQL (0.6ms)[0m  UPDATE "users" SET "last_sign_in_at" = $1, "current_sign_in_at" = $2, "last_sign_in_ip" = $3, "current_sign_in_ip" = $4, "sign_in_count" = $5, "updated_at" = $6 WHERE "users"."id" = $7  [["last_sign_in_at", "2015-07-28 08:14:59.708696"], ["current_sign_in_at", "2015-07-28 08:14:59.708696"], ["last_sign_in_ip", "127.0.0.1/32"], ["current_sign_in_ip", "127.0.0.1/32"], ["sign_in_count", 1], ["updated_at", "2015-07-28 08:14:59.710271"], ["id", 1]]
  [1m[36m (2.9ms)[0m  [1mCOMMIT[0m
Redirected to http://localhost:3000/
Completed 302 Found in 196ms (ActiveRecord: 15.7ms)


Started GET "/" for 127.0.0.1 at 2015-07-28 11:14:59 +0300
Processing by Rails::WelcomeController#index as HTML
  Rendered /home/alex/.rbenv/versions/2.2.1/lib/ruby/gems/2.2.0/gems/railties-4.2.3/lib/rails/templates/rails/welcome/index.html.erb (0.1ms)
Completed 200 OK in 3ms (Views: 1.7ms | ActiveRecord: 0.0ms)


Started GET "/users/sign_in" for 127.0.0.1 at 2015-07-28 11:15:04 +0300
Processing by Devise::SessionsController#new as HTML
  [1m[35mUser Load (0.4ms)[0m  SELECT  "users".* FROM "users" WHERE "users"."id" = $1  ORDER BY "users"."id" ASC LIMIT 1  [["id", 1]]
Redirected to http://localhost:3000/
Filter chain halted as :require_no_authentication rendered or redirected
Completed 302 Found in 4ms (ActiveRecord: 0.4ms)


Started GET "/" for 127.0.0.1 at 2015-07-28 11:15:04 +0300
Processing by Rails::WelcomeController#index as HTML
  Rendered /home/alex/.rbenv/versions/2.2.1/lib/ruby/gems/2.2.0/gems/railties-4.2.3/lib/rails/templates/rails/welcome/index.html.erb (0.1ms)
Completed 200 OK in 2ms (Views: 1.2ms | ActiveRecord: 0.0ms)


Started GET "/users/sign_in" for 127.0.0.1 at 2015-07-28 11:15:09 +0300
Processing by Devise::SessionsController#new as HTML
  [1m[36mUser Load (0.8ms)[0m  [1mSELECT  "users".* FROM "users" WHERE "users"."id" = $1  ORDER BY "users"."id" ASC LIMIT 1[0m  [["id", 1]]
Redirected to http://localhost:3000/
Filter chain halted as :require_no_authentication rendered or redirected
Completed 302 Found in 4ms (ActiveRecord: 0.8ms)


Started GET "/" for 127.0.0.1 at 2015-07-28 11:15:09 +0300
Processing by Rails::WelcomeController#index as HTML
  Rendered /home/alex/.rbenv/versions/2.2.1/lib/ruby/gems/2.2.0/gems/railties-4.2.3/lib/rails/templates/rails/welcome/index.html.erb (0.0ms)
Completed 200 OK in 2ms (Views: 0.9ms | ActiveRecord: 0.0ms)


Started GET "/users/sign_in" for 127.0.0.1 at 2015-07-28 11:15:53 +0300
Processing by Devise::SessionsController#new as HTML
  [1m[35mUser Load (0.6ms)[0m  SELECT  "users".* FROM "users" WHERE "users"."id" = $1  ORDER BY "users"."id" ASC LIMIT 1  [["id", 1]]
Redirected to http://localhost:3000/
Filter chain halted as :require_no_authentication rendered or redirected
Completed 302 Found in 4ms (ActiveRecord: 0.6ms)


Started GET "/" for 127.0.0.1 at 2015-07-28 11:15:53 +0300
Processing by Rails::WelcomeController#index as HTML
  Rendered /home/alex/.rbenv/versions/2.2.1/lib/ruby/gems/2.2.0/gems/railties-4.2.3/lib/rails/templates/rails/welcome/index.html.erb (0.1ms)
Completed 200 OK in 2ms (Views: 1.1ms | ActiveRecord: 0.0ms)


Started GET "/users/sign_in" for 127.0.0.1 at 2015-07-28 11:20:59 +0300
  [1m[36mActiveRecord::SchemaMigration Load (0.5ms)[0m  [1mSELECT "schema_migrations".* FROM "schema_migrations"[0m

ActiveRecord::PendingMigrationError (

Migrations are pending. To resolve this issue, run:

	bin/rake db:migrate RAILS_ENV=development

):
  activerecord (4.2.3) lib/active_record/migration.rb:392:in `check_pending!'
  activerecord (4.2.3) lib/active_record/migration.rb:373:in `call'
  actionpack (4.2.3) lib/action_dispatch/middleware/callbacks.rb:29:in `block in call'
  activesupport (4.2.3) lib/active_support/callbacks.rb:84:in `run_callbacks'
  actionpack (4.2.3) lib/action_dispatch/middleware/callbacks.rb:27:in `call'
  actionpack (4.2.3) lib/action_dispatch/middleware/reloader.rb:73:in `call'
  actionpack (4.2.3) lib/action_dispatch/middleware/remote_ip.rb:78:in `call'
  actionpack (4.2.3) lib/action_dispatch/middleware/debug_exceptions.rb:17:in `call'
  web-console (2.2.1) lib/web_console/middleware.rb:39:in `call'
  actionpack (4.2.3) lib/action_dispatch/middleware/show_exceptions.rb:30:in `call'
  railties (4.2.3) lib/rails/rack/logger.rb:38:in `call_app'
  railties (4.2.3) lib/rails/rack/logger.rb:20:in `block in call'
  activesupport (4.2.3) lib/active_support/tagged_logging.rb:68:in `block in tagged'
  activesupport (4.2.3) lib/active_support/tagged_logging.rb:26:in `tagged'
  activesupport (4.2.3) lib/active_support/tagged_logging.rb:68:in `tagged'
  railties (4.2.3) lib/rails/rack/logger.rb:20:in `call'
  actionpack (4.2.3) lib/action_dispatch/middleware/request_id.rb:21:in `call'
  rack (1.6.4) lib/rack/methodoverride.rb:22:in `call'
  rack (1.6.4) lib/rack/runtime.rb:18:in `call'
  activesupport (4.2.3) lib/active_support/cache/strategy/local_cache_middleware.rb:28:in `call'
  rack (1.6.4) lib/rack/lock.rb:17:in `call'
  actionpack (4.2.3) lib/action_dispatch/middleware/static.rb:116:in `call'
  rack (1.6.4) lib/rack/sendfile.rb:113:in `call'
  railties (4.2.3) lib/rails/engine.rb:518:in `call'
  railties (4.2.3) lib/rails/application.rb:165:in `call'
  rack (1.6.4) lib/rack/lock.rb:17:in `call'
  rack (1.6.4) lib/rack/content_length.rb:15:in `call'
  rack (1.6.4) lib/rack/handler/webrick.rb:88:in `service'
  /home/alex/.rbenv/versions/2.2.1/lib/ruby/2.2.0/webrick/httpserver.rb:138:in `service'
  /home/alex/.rbenv/versions/2.2.1/lib/ruby/2.2.0/webrick/httpserver.rb:94:in `run'
  /home/alex/.rbenv/versions/2.2.1/lib/ruby/2.2.0/webrick/server.rb:294:in `block in start_thread'


  Rendered /home/alex/.rbenv/versions/2.2.1/lib/ruby/gems/2.2.0/gems/actionpack-4.2.3/lib/action_dispatch/middleware/templates/rescues/_source.erb (4.3ms)
  Rendered /home/alex/.rbenv/versions/2.2.1/lib/ruby/gems/2.2.0/gems/actionpack-4.2.3/lib/action_dispatch/middleware/templates/rescues/_trace.html.erb (2.7ms)
  Rendered /home/alex/.rbenv/versions/2.2.1/lib/ruby/gems/2.2.0/gems/actionpack-4.2.3/lib/action_dispatch/middleware/templates/rescues/_request_and_response.html.erb (1.4ms)
  Rendered /home/alex/.rbenv/versions/2.2.1/lib/ruby/gems/2.2.0/gems/actionpack-4.2.3/lib/action_dispatch/middleware/templates/rescues/diagnostics.html.erb within rescues/layout (31.2ms)
  Rendered /home/alex/.rbenv/versions/2.2.1/lib/ruby/gems/2.2.0/gems/web-console-2.2.1/lib/web_console/templates/_markup.html.erb (0.3ms)
  Rendered /home/alex/.rbenv/versions/2.2.1/lib/ruby/gems/2.2.0/gems/web-console-2.2.1/lib/web_console/templates/_inner_console_markup.html.erb within layouts/inlined_string (0.4ms)
  Rendered /home/alex/.rbenv/versions/2.2.1/lib/ruby/gems/2.2.0/gems/web-console-2.2.1/lib/web_console/templates/_prompt_box_markup.html.erb within layouts/inlined_string (0.3ms)
  Rendered /home/alex/.rbenv/versions/2.2.1/lib/ruby/gems/2.2.0/gems/web-console-2.2.1/lib/web_console/templates/style.css.erb within layouts/inlined_string (0.4ms)
  Rendered /home/alex/.rbenv/versions/2.2.1/lib/ruby/gems/2.2.0/gems/web-console-2.2.1/lib/web_console/templates/console.js.erb within layouts/javascript (21.6ms)
  Rendered /home/alex/.rbenv/versions/2.2.1/lib/ruby/gems/2.2.0/gems/web-console-2.2.1/lib/web_console/templates/main.js.erb within layouts/javascript (0.3ms)
  Rendered /home/alex/.rbenv/versions/2.2.1/lib/ruby/gems/2.2.0/gems/web-console-2.2.1/lib/web_console/templates/error_page.js.erb within layouts/javascript (0.4ms)
  Rendered /home/alex/.rbenv/versions/2.2.1/lib/ruby/gems/2.2.0/gems/web-console-2.2.1/lib/web_console/templates/index.html.erb (44.8ms)


Started GET "/" for 127.0.0.1 at 2015-07-28 11:21:09 +0300
  [1m[35mActiveRecord::SchemaMigration Load (0.3ms)[0m  SELECT "schema_migrations".* FROM "schema_migrations"

ActiveRecord::PendingMigrationError (

Migrations are pending. To resolve this issue, run:

	bin/rake db:migrate RAILS_ENV=development

):
  activerecord (4.2.3) lib/active_record/migration.rb:392:in `check_pending!'
  activerecord (4.2.3) lib/active_record/migration.rb:373:in `call'
  actionpack (4.2.3) lib/action_dispatch/middleware/callbacks.rb:29:in `block in call'
  activesupport (4.2.3) lib/active_support/callbacks.rb:84:in `run_callbacks'
  actionpack (4.2.3) lib/action_dispatch/middleware/callbacks.rb:27:in `call'
  actionpack (4.2.3) lib/action_dispatch/middleware/reloader.rb:73:in `call'
  actionpack (4.2.3) lib/action_dispatch/middleware/remote_ip.rb:78:in `call'
  actionpack (4.2.3) lib/action_dispatch/middleware/debug_exceptions.rb:17:in `call'
  web-console (2.2.1) lib/web_console/middleware.rb:39:in `call'
  actionpack (4.2.3) lib/action_dispatch/middleware/show_exceptions.rb:30:in `call'
  railties (4.2.3) lib/rails/rack/logger.rb:38:in `call_app'
  railties (4.2.3) lib/rails/rack/logger.rb:20:in `block in call'
  activesupport (4.2.3) lib/active_support/tagged_logging.rb:68:in `block in tagged'
  activesupport (4.2.3) lib/active_support/tagged_logging.rb:26:in `tagged'
  activesupport (4.2.3) lib/active_support/tagged_logging.rb:68:in `tagged'
  railties (4.2.3) lib/rails/rack/logger.rb:20:in `call'
  actionpack (4.2.3) lib/action_dispatch/middleware/request_id.rb:21:in `call'
  rack (1.6.4) lib/rack/methodoverride.rb:22:in `call'
  rack (1.6.4) lib/rack/runtime.rb:18:in `call'
  activesupport (4.2.3) lib/active_support/cache/strategy/local_cache_middleware.rb:28:in `call'
  rack (1.6.4) lib/rack/lock.rb:17:in `call'
  actionpack (4.2.3) lib/action_dispatch/middleware/static.rb:116:in `call'
  rack (1.6.4) lib/rack/sendfile.rb:113:in `call'
  railties (4.2.3) lib/rails/engine.rb:518:in `call'
  railties (4.2.3) lib/rails/application.rb:165:in `call'
  rack (1.6.4) lib/rack/lock.rb:17:in `call'
  rack (1.6.4) lib/rack/content_length.rb:15:in `call'
  rack (1.6.4) lib/rack/handler/webrick.rb:88:in `service'
  /home/alex/.rbenv/versions/2.2.1/lib/ruby/2.2.0/webrick/httpserver.rb:138:in `service'
  /home/alex/.rbenv/versions/2.2.1/lib/ruby/2.2.0/webrick/httpserver.rb:94:in `run'
  /home/alex/.rbenv/versions/2.2.1/lib/ruby/2.2.0/webrick/server.rb:294:in `block in start_thread'


  Rendered /home/alex/.rbenv/versions/2.2.1/lib/ruby/gems/2.2.0/gems/actionpack-4.2.3/lib/action_dispatch/middleware/templates/rescues/_source.erb (3.2ms)
  Rendered /home/alex/.rbenv/versions/2.2.1/lib/ruby/gems/2.2.0/gems/actionpack-4.2.3/lib/action_dispatch/middleware/templates/rescues/_trace.html.erb (1.9ms)
  Rendered /home/alex/.rbenv/versions/2.2.1/lib/ruby/gems/2.2.0/gems/actionpack-4.2.3/lib/action_dispatch/middleware/templates/rescues/_request_and_response.html.erb (1.1ms)
  Rendered /home/alex/.rbenv/versions/2.2.1/lib/ruby/gems/2.2.0/gems/actionpack-4.2.3/lib/action_dispatch/middleware/templates/rescues/diagnostics.html.erb within rescues/layout (23.7ms)
  Rendered /home/alex/.rbenv/versions/2.2.1/lib/ruby/gems/2.2.0/gems/web-console-2.2.1/lib/web_console/templates/_markup.html.erb (0.4ms)
  Rendered /home/alex/.rbenv/versions/2.2.1/lib/ruby/gems/2.2.0/gems/web-console-2.2.1/lib/web_console/templates/_inner_console_markup.html.erb within layouts/inlined_string (0.3ms)
  Rendered /home/alex/.rbenv/versions/2.2.1/lib/ruby/gems/2.2.0/gems/web-console-2.2.1/lib/web_console/templates/_prompt_box_markup.html.erb within layouts/inlined_string (0.3ms)
  Rendered /home/alex/.rbenv/versions/2.2.1/lib/ruby/gems/2.2.0/gems/web-console-2.2.1/lib/web_console/templates/style.css.erb within layouts/inlined_string (0.3ms)
  Rendered /home/alex/.rbenv/versions/2.2.1/lib/ruby/gems/2.2.0/gems/web-console-2.2.1/lib/web_console/templates/console.js.erb within layouts/javascript (17.3ms)
  Rendered /home/alex/.rbenv/versions/2.2.1/lib/ruby/gems/2.2.0/gems/web-console-2.2.1/lib/web_console/templates/main.js.erb within layouts/javascript (0.3ms)
  Rendered /home/alex/.rbenv/versions/2.2.1/lib/ruby/gems/2.2.0/gems/web-console-2.2.1/lib/web_console/templates/error_page.js.erb within layouts/javascript (0.5ms)
  Rendered /home/alex/.rbenv/versions/2.2.1/lib/ruby/gems/2.2.0/gems/web-console-2.2.1/lib/web_console/templates/index.html.erb (35.1ms)


Started GET "/" for 127.0.0.1 at 2015-07-28 11:21:12 +0300
  [1m[36mActiveRecord::SchemaMigration Load (0.4ms)[0m  [1mSELECT "schema_migrations".* FROM "schema_migrations"[0m

ActiveRecord::PendingMigrationError (

Migrations are pending. To resolve this issue, run:

	bin/rake db:migrate RAILS_ENV=development

):
  activerecord (4.2.3) lib/active_record/migration.rb:392:in `check_pending!'
  activerecord (4.2.3) lib/active_record/migration.rb:373:in `call'
  actionpack (4.2.3) lib/action_dispatch/middleware/callbacks.rb:29:in `block in call'
  activesupport (4.2.3) lib/active_support/callbacks.rb:84:in `run_callbacks'
  actionpack (4.2.3) lib/action_dispatch/middleware/callbacks.rb:27:in `call'
  actionpack (4.2.3) lib/action_dispatch/middleware/reloader.rb:73:in `call'
  actionpack (4.2.3) lib/action_dispatch/middleware/remote_ip.rb:78:in `call'
  actionpack (4.2.3) lib/action_dispatch/middleware/debug_exceptions.rb:17:in `call'
  web-console (2.2.1) lib/web_console/middleware.rb:39:in `call'
  actionpack (4.2.3) lib/action_dispatch/middleware/show_exceptions.rb:30:in `call'
  railties (4.2.3) lib/rails/rack/logger.rb:38:in `call_app'
  railties (4.2.3) lib/rails/rack/logger.rb:20:in `block in call'
  activesupport (4.2.3) lib/active_support/tagged_logging.rb:68:in `block in tagged'
  activesupport (4.2.3) lib/active_support/tagged_logging.rb:26:in `tagged'
  activesupport (4.2.3) lib/active_support/tagged_logging.rb:68:in `tagged'
  railties (4.2.3) lib/rails/rack/logger.rb:20:in `call'
  actionpack (4.2.3) lib/action_dispatch/middleware/request_id.rb:21:in `call'
  rack (1.6.4) lib/rack/methodoverride.rb:22:in `call'
  rack (1.6.4) lib/rack/runtime.rb:18:in `call'
  activesupport (4.2.3) lib/active_support/cache/strategy/local_cache_middleware.rb:28:in `call'
  rack (1.6.4) lib/rack/lock.rb:17:in `call'
  actionpack (4.2.3) lib/action_dispatch/middleware/static.rb:116:in `call'
  rack (1.6.4) lib/rack/sendfile.rb:113:in `call'
  railties (4.2.3) lib/rails/engine.rb:518:in `call'
  railties (4.2.3) lib/rails/application.rb:165:in `call'
  rack (1.6.4) lib/rack/lock.rb:17:in `call'
  rack (1.6.4) lib/rack/content_length.rb:15:in `call'
  rack (1.6.4) lib/rack/handler/webrick.rb:88:in `service'
  /home/alex/.rbenv/versions/2.2.1/lib/ruby/2.2.0/webrick/httpserver.rb:138:in `service'
  /home/alex/.rbenv/versions/2.2.1/lib/ruby/2.2.0/webrick/httpserver.rb:94:in `run'
  /home/alex/.rbenv/versions/2.2.1/lib/ruby/2.2.0/webrick/server.rb:294:in `block in start_thread'


  Rendered /home/alex/.rbenv/versions/2.2.1/lib/ruby/gems/2.2.0/gems/actionpack-4.2.3/lib/action_dispatch/middleware/templates/rescues/_source.erb (3.2ms)
  Rendered /home/alex/.rbenv/versions/2.2.1/lib/ruby/gems/2.2.0/gems/actionpack-4.2.3/lib/action_dispatch/middleware/templates/rescues/_trace.html.erb (7.1ms)
  Rendered /home/alex/.rbenv/versions/2.2.1/lib/ruby/gems/2.2.0/gems/actionpack-4.2.3/lib/action_dispatch/middleware/templates/rescues/_request_and_response.html.erb (1.2ms)
  Rendered /home/alex/.rbenv/versions/2.2.1/lib/ruby/gems/2.2.0/gems/actionpack-4.2.3/lib/action_dispatch/middleware/templates/rescues/diagnostics.html.erb within rescues/layout (28.5ms)
  Rendered /home/alex/.rbenv/versions/2.2.1/lib/ruby/gems/2.2.0/gems/web-console-2.2.1/lib/web_console/templates/_markup.html.erb (0.4ms)
  Rendered /home/alex/.rbenv/versions/2.2.1/lib/ruby/gems/2.2.0/gems/web-console-2.2.1/lib/web_console/templates/_inner_console_markup.html.erb within layouts/inlined_string (0.3ms)
  Rendered /home/alex/.rbenv/versions/2.2.1/lib/ruby/gems/2.2.0/gems/web-console-2.2.1/lib/web_console/templates/_prompt_box_markup.html.erb within layouts/inlined_string (0.3ms)
  Rendered /home/alex/.rbenv/versions/2.2.1/lib/ruby/gems/2.2.0/gems/web-console-2.2.1/lib/web_console/templates/style.css.erb within layouts/inlined_string (0.3ms)
  Rendered /home/alex/.rbenv/versions/2.2.1/lib/ruby/gems/2.2.0/gems/web-console-2.2.1/lib/web_console/templates/console.js.erb within layouts/javascript (15.7ms)
  Rendered /home/alex/.rbenv/versions/2.2.1/lib/ruby/gems/2.2.0/gems/web-console-2.2.1/lib/web_console/templates/main.js.erb within layouts/javascript (0.2ms)
  Rendered /home/alex/.rbenv/versions/2.2.1/lib/ruby/gems/2.2.0/gems/web-console-2.2.1/lib/web_console/templates/error_page.js.erb within layouts/javascript (0.3ms)
  Rendered /home/alex/.rbenv/versions/2.2.1/lib/ruby/gems/2.2.0/gems/web-console-2.2.1/lib/web_console/templates/index.html.erb (31.7ms)
  [1m[36mActiveRecord::SchemaMigration Load (0.6ms)[0m  [1mSELECT "schema_migrations".* FROM "schema_migrations"[0m
Migrating to CreateProducts (20150728081813)
  [1m[35m (0.2ms)[0m  BEGIN
DEPRECATION WARNING: `#timestamps` was called without specifying an option for `null`. In Rails 5, this behavior will change to `null: false`. You should manually specify `null: true` to prevent the behavior of your existing migrations from changing. (called from block in change at /home/alex/mg/db/migrate/20150728081813_create_products.rb:9)
  [1m[36m (54.7ms)[0m  [1mCREATE TABLE "products" ("id" serial primary key, "title" character varying, "description" text, "image_url" character varying, "price" decimal(8,2), "created_at" timestamp, "updated_at" timestamp) [0m
  [1m[35mSQL (0.4ms)[0m  INSERT INTO "schema_migrations" ("version") VALUES ($1)  [["version", "20150728081813"]]
  [1m[36m (11.1ms)[0m  [1mCOMMIT[0m
  [1m[35mActiveRecord::SchemaMigration Load (0.4ms)[0m  SELECT "schema_migrations".* FROM "schema_migrations"
  [1m[36m (5.0ms)[0m  [1mSELECT t2.oid::regclass::text AS to_table, a1.attname AS column, a2.attname AS primary_key, c.conname AS name, c.confupdtype AS on_update, c.confdeltype AS on_delete
FROM pg_constraint c
JOIN pg_class t1 ON c.conrelid = t1.oid
JOIN pg_class t2 ON c.confrelid = t2.oid
JOIN pg_attribute a1 ON a1.attnum = c.conkey[1] AND a1.attrelid = t1.oid
JOIN pg_attribute a2 ON a2.attnum = c.confkey[1] AND a2.attrelid = t2.oid
JOIN pg_namespace t3 ON c.connamespace = t3.oid
WHERE c.contype = 'f'
  AND t1.relname = 'products'
  AND t3.nspname = ANY (current_schemas(false))
ORDER BY c.conname
[0m
  [1m[35m (4.2ms)[0m  SELECT t2.oid::regclass::text AS to_table, a1.attname AS column, a2.attname AS primary_key, c.conname AS name, c.confupdtype AS on_update, c.confdeltype AS on_delete
FROM pg_constraint c
JOIN pg_class t1 ON c.conrelid = t1.oid
JOIN pg_class t2 ON c.confrelid = t2.oid
JOIN pg_attribute a1 ON a1.attnum = c.conkey[1] AND a1.attrelid = t1.oid
JOIN pg_attribute a2 ON a2.attnum = c.confkey[1] AND a2.attrelid = t2.oid
JOIN pg_namespace t3 ON c.connamespace = t3.oid
WHERE c.contype = 'f'
  AND t1.relname = 'users'
  AND t3.nspname = ANY (current_schemas(false))
ORDER BY c.conname



Started GET "/" for 127.0.0.1 at 2015-07-28 11:23:10 +0300
  [1m[36mActiveRecord::SchemaMigration Load (0.5ms)[0m  [1mSELECT "schema_migrations".* FROM "schema_migrations"[0m
Processing by ProductsController#index as HTML
  [1m[35mUser Load (0.7ms)[0m  SELECT  "users".* FROM "users" WHERE "users"."id" = $1  ORDER BY "users"."id" ASC LIMIT 1  [["id", 1]]
  [1m[36mProduct Load (0.7ms)[0m  [1mSELECT "products".* FROM "products"[0m
  Rendered products/index.html.erb within layouts/application (4.5ms)
Completed 200 OK in 539ms (Views: 497.5ms | ActiveRecord: 5.9ms)


Started GET "/assets/scaffolds.self-6585cc5d6396d8461686dccfeebda52f20ca65435aa7e3d4c39a70bf69245ee1.css?body=1" for 127.0.0.1 at 2015-07-28 11:23:11 +0300


Started GET "/products/new" for 127.0.0.1 at 2015-07-28 11:24:04 +0300
Processing by ProductsController#new as HTML
  [1m[35mUser Load (0.7ms)[0m  SELECT  "users".* FROM "users" WHERE "users"."id" = $1  ORDER BY "users"."id" ASC LIMIT 1  [["id", 1]]
  Rendered products/_form.html.erb (72.3ms)
  Rendered products/new.html.erb within layouts/application (77.4ms)
Completed 200 OK in 168ms (Views: 153.4ms | ActiveRecord: 1.7ms)


Started POST "/products" for 127.0.0.1 at 2015-07-28 11:24:24 +0300
Processing by ProductsController#create as HTML
  Parameters: {"utf8"=>"✓", "authenticity_token"=>"Jl6x+J8dLNSQOgxs86b8sM6bFecqcCTUiKyLFVmmtqx5agG1GAodtqrn/FmjivZjPVmJ4IPqk0Y1FGPhagKv7A==", "product"=>{"title"=>"Palarie", "description"=>"Din paie", "image_url"=>"http://www.flu.ro/imggaleriimoda/6770_7390_big/Palarie_de_paie.jpg", "price"=>"330"}, "commit"=>"Create Product"}
  [1m[36mUser Load (0.6ms)[0m  [1mSELECT  "users".* FROM "users" WHERE "users"."id" = $1  ORDER BY "users"."id" ASC LIMIT 1[0m  [["id", 1]]
  [1m[35m (0.3ms)[0m  BEGIN
  [1m[36mSQL (0.7ms)[0m  [1mINSERT INTO "products" ("title", "description", "image_url", "price", "created_at", "updated_at") VALUES ($1, $2, $3, $4, $5, $6) RETURNING "id"[0m  [["title", "Palarie"], ["description", "Din paie"], ["image_url", "http://www.flu.ro/imggaleriimoda/6770_7390_big/Palarie_de_paie.jpg"], ["price", "330.0"], ["created_at", "2015-07-28 08:24:24.019039"], ["updated_at", "2015-07-28 08:24:24.019039"]]
  [1m[35m (32.4ms)[0m  COMMIT
Redirected to http://localhost:3000/products/1
Completed 302 Found in 44ms (ActiveRecord: 34.0ms)


Started GET "/products/1" for 127.0.0.1 at 2015-07-28 11:24:24 +0300
Processing by ProductsController#show as HTML
  Parameters: {"id"=>"1"}
  [1m[36mUser Load (0.7ms)[0m  [1mSELECT  "users".* FROM "users" WHERE "users"."id" = $1  ORDER BY "users"."id" ASC LIMIT 1[0m  [["id", 1]]
  [1m[35mProduct Load (0.5ms)[0m  SELECT  "products".* FROM "products" WHERE "products"."id" = $1 LIMIT 1  [["id", 1]]
  Rendered products/show.html.erb within layouts/application (1.5ms)
Completed 200 OK in 47ms (Views: 37.6ms | ActiveRecord: 1.2ms)


Started GET "/products" for 127.0.0.1 at 2015-07-28 11:24:28 +0300
Processing by ProductsController#index as HTML
  [1m[36mUser Load (0.6ms)[0m  [1mSELECT  "users".* FROM "users" WHERE "users"."id" = $1  ORDER BY "users"."id" ASC LIMIT 1[0m  [["id", 1]]
  [1m[35mProduct Load (0.6ms)[0m  SELECT "products".* FROM "products"
  Rendered products/index.html.erb within layouts/application (4.1ms)
Completed 200 OK in 56ms (Views: 51.6ms | ActiveRecord: 1.3ms)


Started DELETE "/users/sign_out" for 127.0.0.1 at 2015-07-28 11:24:31 +0300
Processing by Devise::SessionsController#destroy as HTML
  Parameters: {"authenticity_token"=>"Idy8Wakwzhr1hxQdF9S+cvHFXn29WyK63phTMNcd9zR+6AwULif/eM9a5ChH+LShAgfCehTBlShjILvE5LnudA=="}
  [1m[36mUser Load (0.7ms)[0m  [1mSELECT  "users".* FROM "users" WHERE "users"."id" = $1  ORDER BY "users"."id" ASC LIMIT 1[0m  [["id", 1]]
  [1m[35m (0.3ms)[0m  BEGIN
  [1m[36m (0.2ms)[0m  [1mCOMMIT[0m
Redirected to http://localhost:3000/
Completed 302 Found in 26ms (ActiveRecord: 1.2ms)


Started GET "/" for 127.0.0.1 at 2015-07-28 11:24:31 +0300
Processing by ProductsController#index as HTML
Completed 401 Unauthorized in 8ms (ActiveRecord: 0.0ms)


Started GET "/users/sign_in" for 127.0.0.1 at 2015-07-28 11:24:31 +0300
Processing by Devise::SessionsController#new as HTML
  Rendered /home/alex/.rbenv/versions/2.2.1/lib/ruby/gems/2.2.0/gems/devise-3.5.1/app/views/devise/shared/_links.html.erb (1.7ms)
  Rendered /home/alex/.rbenv/versions/2.2.1/lib/ruby/gems/2.2.0/gems/devise-3.5.1/app/views/devise/sessions/new.html.erb within layouts/application (9.5ms)
Completed 200 OK in 42ms (Views: 39.9ms | ActiveRecord: 0.0ms)


Started POST "/users/sign_in" for 127.0.0.1 at 2015-07-28 11:24:33 +0300
Processing by Devise::SessionsController#create as HTML
  Parameters: {"utf8"=>"✓", "authenticity_token"=>"6yPzyJCncqTJMggUnSNUgSkbQ9PGX/WEc03dkLGh5VXJ9y/tEIjAWTkU2lZXr08INla4cyI/48Lhmi+7hSPO/A==", "user"=>{"email"=>"alex@yahoo.com", "password"=>"[FILTERED]", "remember_me"=>"0"}, "commit"=>"Log in"}
  [1m[35mUser Load (0.6ms)[0m  SELECT  "users".* FROM "users" WHERE "users"."email" = $1  ORDER BY "users"."id" ASC LIMIT 1  [["email", "alex@yahoo.com"]]
  [1m[36m (0.3ms)[0m  [1mBEGIN[0m
  [1m[35mSQL (0.5ms)[0m  UPDATE "users" SET "current_sign_in_at" = $1, "sign_in_count" = $2, "updated_at" = $3 WHERE "users"."id" = $4  [["current_sign_in_at", "2015-07-28 08:24:33.973121"], ["sign_in_count", 2], ["updated_at", "2015-07-28 08:24:33.974418"], ["id", 1]]
  [1m[36m (14.6ms)[0m  [1mCOMMIT[0m
Redirected to http://localhost:3000/
Completed 302 Found in 129ms (ActiveRecord: 16.0ms)


Started GET "/" for 127.0.0.1 at 2015-07-28 11:24:34 +0300
Processing by ProductsController#index as HTML
  [1m[35mUser Load (0.4ms)[0m  SELECT  "users".* FROM "users" WHERE "users"."id" = $1  ORDER BY "users"."id" ASC LIMIT 1  [["id", 1]]
  [1m[36mProduct Load (0.6ms)[0m  [1mSELECT "products".* FROM "products"[0m
  Rendered products/index.html.erb within layouts/application (1.7ms)
Completed 200 OK in 26ms (Views: 23.0ms | ActiveRecord: 1.0ms)


Started GET "/users/edit" for 127.0.0.1 at 2015-07-28 11:24:37 +0300
Processing by Devise::RegistrationsController#edit as HTML
  [1m[35mUser Load (0.5ms)[0m  SELECT  "users".* FROM "users" WHERE "users"."id" = $1  ORDER BY "users"."id" ASC LIMIT 1  [["id", 1]]
  Rendered /home/alex/.rbenv/versions/2.2.1/lib/ruby/gems/2.2.0/gems/devise-3.5.1/app/views/devise/registrations/edit.html.erb within layouts/application (6.5ms)
Completed 200 OK in 54ms (Views: 51.0ms | ActiveRecord: 0.5ms)


Started GET "/" for 127.0.0.1 at 2015-07-28 11:24:39 +0300
Processing by ProductsController#index as HTML
  [1m[36mUser Load (0.5ms)[0m  [1mSELECT  "users".* FROM "users" WHERE "users"."id" = $1  ORDER BY "users"."id" ASC LIMIT 1[0m  [["id", 1]]
  [1m[35mProduct Load (0.5ms)[0m  SELECT "products".* FROM "products"
  Rendered products/index.html.erb within layouts/application (2.7ms)
Completed 200 OK in 45ms (Views: 41.4ms | ActiveRecord: 1.0ms)


Started DELETE "/users/sign_out" for 127.0.0.1 at 2015-07-28 11:24:40 +0300
Processing by Devise::SessionsController#destroy as HTML
  Parameters: {"authenticity_token"=>"WC/0tmmgJh7NRE07ShQ/bmvc646ngy4DmdeyAVqS3HKQtRcG8u2CtZ9uaz+c0PZkEfBDcRevVTIo2TO3FCZH9A=="}
  [1m[36mUser Load (0.5ms)[0m  [1mSELECT  "users".* FROM "users" WHERE "users"."id" = $1  ORDER BY "users"."id" ASC LIMIT 1[0m  [["id", 1]]
  [1m[35m (0.3ms)[0m  BEGIN
  [1m[36m (0.3ms)[0m  [1mCOMMIT[0m
Redirected to http://localhost:3000/
Completed 302 Found in 7ms (ActiveRecord: 1.0ms)


Started GET "/" for 127.0.0.1 at 2015-07-28 11:24:40 +0300
Processing by ProductsController#index as HTML
Completed 401 Unauthorized in 1ms (ActiveRecord: 0.0ms)


Started GET "/users/sign_in" for 127.0.0.1 at 2015-07-28 11:24:40 +0300
Processing by Devise::SessionsController#new as HTML
  Rendered /home/alex/.rbenv/versions/2.2.1/lib/ruby/gems/2.2.0/gems/devise-3.5.1/app/views/devise/shared/_links.html.erb (0.6ms)
  Rendered /home/alex/.rbenv/versions/2.2.1/lib/ruby/gems/2.2.0/gems/devise-3.5.1/app/views/devise/sessions/new.html.erb within layouts/application (5.2ms)
Completed 200 OK in 49ms (Views: 46.9ms | ActiveRecord: 0.0ms)


Started POST "/users/sign_in" for 127.0.0.1 at 2015-07-28 11:24:43 +0300
Processing by Devise::SessionsController#create as HTML
  Parameters: {"utf8"=>"✓", "authenticity_token"=>"a+jz+3eX3bMNwz8JRbysHLm38qRmPjdDdBdjV/CkcIdFONPoNLuiMfVsa+EWtRejRVUl2v9UcrtCx+ojvp3MBA==", "user"=>{"email"=>"alex@yahoo.com", "password"=>"[FILTERED]", "remember_me"=>"0"}, "commit"=>"Log in"}
  [1m[35mUser Load (0.5ms)[0m  SELECT  "users".* FROM "users" WHERE "users"."email" = $1  ORDER BY "users"."id" ASC LIMIT 1  [["email", "alex@yahoo.com"]]
  [1m[36m (0.4ms)[0m  [1mBEGIN[0m
  [1m[35mSQL (0.6ms)[0m  UPDATE "users" SET "last_sign_in_at" = $1, "current_sign_in_at" = $2, "sign_in_count" = $3, "updated_at" = $4 WHERE "users"."id" = $5  [["last_sign_in_at", "2015-07-28 08:24:33.973121"], ["current_sign_in_at", "2015-07-28 08:24:43.239360"], ["sign_in_count", 3], ["updated_at", "2015-07-28 08:24:43.240798"], ["id", 1]]
  [1m[36m (13.8ms)[0m  [1mCOMMIT[0m
Redirected to http://localhost:3000/
Completed 302 Found in 121ms (ActiveRecord: 15.3ms)


Started GET "/" for 127.0.0.1 at 2015-07-28 11:24:43 +0300
Processing by ProductsController#index as HTML
  [1m[35mUser Load (0.4ms)[0m  SELECT  "users".* FROM "users" WHERE "users"."id" = $1  ORDER BY "users"."id" ASC LIMIT 1  [["id", 1]]
  [1m[36mProduct Load (0.4ms)[0m  [1mSELECT "products".* FROM "products"[0m
  Rendered products/index.html.erb within layouts/application (2.1ms)
Completed 200 OK in 54ms (Views: 50.3ms | ActiveRecord: 0.8ms)


Started GET "/products/new" for 127.0.0.1 at 2015-07-28 11:24:50 +0300
Processing by ProductsController#new as HTML
  [1m[35mUser Load (0.5ms)[0m  SELECT  "users".* FROM "users" WHERE "users"."id" = $1  ORDER BY "users"."id" ASC LIMIT 1  [["id", 1]]
  Rendered products/_form.html.erb (4.5ms)
  Rendered products/new.html.erb within layouts/application (5.6ms)
Completed 200 OK in 48ms (Views: 45.0ms | ActiveRecord: 0.5ms)


Started GET "/products" for 127.0.0.1 at 2015-07-28 11:24:53 +0300
Processing by ProductsController#index as HTML
  [1m[36mUser Load (0.6ms)[0m  [1mSELECT  "users".* FROM "users" WHERE "users"."id" = $1  ORDER BY "users"."id" ASC LIMIT 1[0m  [["id", 1]]
  [1m[35mProduct Load (0.6ms)[0m  SELECT "products".* FROM "products"
  Rendered products/index.html.erb within layouts/application (2.3ms)
Completed 200 OK in 46ms (Views: 42.6ms | ActiveRecord: 1.1ms)


Started GET "/products/new" for 127.0.0.1 at 2015-07-28 11:36:24 +0300
Processing by ProductsController#new as HTML
  [1m[36mUser Load (0.4ms)[0m  [1mSELECT  "users".* FROM "users" WHERE "users"."id" = $1  ORDER BY "users"."id" ASC LIMIT 1[0m  [["id", 1]]
  Rendered products/_form.html.erb (5.6ms)
  Rendered products/new.html.erb within layouts/application (6.8ms)
Completed 200 OK in 50ms (Views: 46.5ms | ActiveRecord: 0.4ms)


Started GET "/products" for 127.0.0.1 at 2015-07-28 11:36:26 +0300
Processing by ProductsController#index as HTML
  [1m[35mUser Load (0.4ms)[0m  SELECT  "users".* FROM "users" WHERE "users"."id" = $1  ORDER BY "users"."id" ASC LIMIT 1  [["id", 1]]
  [1m[36mProduct Load (0.5ms)[0m  [1mSELECT "products".* FROM "products"[0m
  Rendered products/index.html.erb within layouts/application (2.2ms)
Completed 200 OK in 48ms (Views: 44.0ms | ActiveRecord: 0.9ms)


Started GET "/products/new" for 127.0.0.1 at 2015-07-28 11:39:02 +0300
  [1m[36mActiveRecord::SchemaMigration Load (0.6ms)[0m  [1mSELECT "schema_migrations".* FROM "schema_migrations"[0m
Processing by ProductsController#new as HTML
  [1m[35mUser Load (0.6ms)[0m  SELECT  "users".* FROM "users" WHERE "users"."id" = $1  ORDER BY "users"."id" ASC LIMIT 1  [["id", 1]]
  Rendered products/_form.html.erb (17.7ms)
  Rendered products/new.html.erb within layouts/application (21.4ms)
Completed 200 OK in 242ms (Views: 193.3ms | ActiveRecord: 6.1ms)


Started POST "/products" for 127.0.0.1 at 2015-07-28 11:40:04 +0300
Processing by ProductsController#create as HTML
  Parameters: {"utf8"=>"✓", "authenticity_token"=>"+Mbj03kVFPdgtQgPA6/jiVpjPcO8ZmLUtPkuWONf4ICxGywOSkywyZCiVyNNJlrYtrOCzLBswrvVMPmUybXGLw==", "product"=>{"title"=>"Sapca", "description"=>"Verde", "image_url"=>"https://encrypted-tbn2.gstatic.com/images?q=tbn:ANd9GcQB6YXg3qUTpjLUBIiZhQPkOvmp0nQ2XWp0JuTpVAB0K6YaPcldwhSJo_g", "price"=>"250"}, "commit"=>"Create Product"}
  [1m[36mUser Load (0.6ms)[0m  [1mSELECT  "users".* FROM "users" WHERE "users"."id" = $1  ORDER BY "users"."id" ASC LIMIT 1[0m  [["id", 1]]
  [1m[35m (0.2ms)[0m  BEGIN
  [1m[36mSQL (0.5ms)[0m  [1mINSERT INTO "products" ("title", "description", "image_url", "price", "created_at", "updated_at") VALUES ($1, $2, $3, $4, $5, $6) RETURNING "id"[0m  [["title", "Sapca"], ["description", "Verde"], ["image_url", "https://encrypted-tbn2.gstatic.com/images?q=tbn:ANd9GcQB6YXg3qUTpjLUBIiZhQPkOvmp0nQ2XWp0JuTpVAB0K6YaPcldwhSJo_g"], ["price", "250.0"], ["created_at", "2015-07-28 08:40:04.626304"], ["updated_at", "2015-07-28 08:40:04.626304"]]
  [1m[35m (58.4ms)[0m  COMMIT
Redirected to http://localhost:3000/products/2
Completed 302 Found in 68ms (ActiveRecord: 59.8ms)


Started GET "/products/2" for 127.0.0.1 at 2015-07-28 11:40:04 +0300
Processing by ProductsController#show as HTML
  Parameters: {"id"=>"2"}
  [1m[36mUser Load (0.6ms)[0m  [1mSELECT  "users".* FROM "users" WHERE "users"."id" = $1  ORDER BY "users"."id" ASC LIMIT 1[0m  [["id", 1]]
  [1m[35mProduct Load (0.6ms)[0m  SELECT  "products".* FROM "products" WHERE "products"."id" = $1 LIMIT 1  [["id", 2]]
  Rendered products/show.html.erb within layouts/application (1.9ms)
Completed 200 OK in 49ms (Views: 41.7ms | ActiveRecord: 1.2ms)


Started GET "/products/2/edit" for 127.0.0.1 at 2015-07-28 11:40:07 +0300
Processing by ProductsController#edit as HTML
  Parameters: {"id"=>"2"}
  [1m[36mUser Load (0.6ms)[0m  [1mSELECT  "users".* FROM "users" WHERE "users"."id" = $1  ORDER BY "users"."id" ASC LIMIT 1[0m  [["id", 1]]
  [1m[35mProduct Load (0.5ms)[0m  SELECT  "products".* FROM "products" WHERE "products"."id" = $1 LIMIT 1  [["id", 2]]
  Rendered products/_form.html.erb (4.3ms)
  Rendered products/edit.html.erb within layouts/application (6.8ms)
Completed 200 OK in 51ms (Views: 45.9ms | ActiveRecord: 1.2ms)


Started GET "/products" for 127.0.0.1 at 2015-07-28 11:40:09 +0300
Processing by ProductsController#index as HTML
  [1m[36mUser Load (0.6ms)[0m  [1mSELECT  "users".* FROM "users" WHERE "users"."id" = $1  ORDER BY "users"."id" ASC LIMIT 1[0m  [["id", 1]]
  [1m[35mProduct Load (0.5ms)[0m  SELECT "products".* FROM "products"
  Rendered products/index.html.erb within layouts/application (3.8ms)
Completed 200 OK in 72ms (Views: 68.8ms | ActiveRecord: 1.2ms)


Started GET "/users/edit" for 127.0.0.1 at 2015-07-28 11:42:03 +0300
Processing by Devise::RegistrationsController#edit as HTML
  [1m[36mUser Load (0.7ms)[0m  [1mSELECT  "users".* FROM "users" WHERE "users"."id" = $1  ORDER BY "users"."id" ASC LIMIT 1[0m  [["id", 1]]
  Rendered /home/alex/.rbenv/versions/2.2.1/lib/ruby/gems/2.2.0/gems/devise-3.5.1/app/views/devise/registrations/edit.html.erb within layouts/application (10.1ms)
Completed 200 OK in 68ms (Views: 63.9ms | ActiveRecord: 0.7ms)


Started GET "/products" for 127.0.0.1 at 2015-07-28 11:42:07 +0300
Processing by ProductsController#index as HTML
  [1m[35mUser Load (0.5ms)[0m  SELECT  "users".* FROM "users" WHERE "users"."id" = $1  ORDER BY "users"."id" ASC LIMIT 1  [["id", 1]]
  [1m[36mProduct Load (0.5ms)[0m  [1mSELECT "products".* FROM "products"[0m
  Rendered products/index.html.erb within layouts/application (4.1ms)
Completed 200 OK in 77ms (Views: 71.4ms | ActiveRecord: 1.0ms)


Started DELETE "/users/sign_out" for 127.0.0.1 at 2015-07-28 11:42:10 +0300
Processing by Devise::SessionsController#destroy as HTML
  Parameters: {"authenticity_token"=>"6MU//u1sbN4sLYeNUEn80faIIPBZ4gnrVh3tzzio6J2hGPAj3jXI4Nw62KEewEWAGlif/1XoqYQ31DoDEkLOMg=="}
  [1m[35mUser Load (0.5ms)[0m  SELECT  "users".* FROM "users" WHERE "users"."id" = $1  ORDER BY "users"."id" ASC LIMIT 1  [["id", 1]]
  [1m[36m (0.2ms)[0m  [1mBEGIN[0m
  [1m[35m (0.3ms)[0m  COMMIT
Redirected to http://localhost:3000/
Completed 302 Found in 12ms (ActiveRecord: 1.1ms)


Started GET "/" for 127.0.0.1 at 2015-07-28 11:42:10 +0300
Processing by ProductsController#index as HTML
Completed 401 Unauthorized in 6ms (ActiveRecord: 0.0ms)


Started GET "/users/sign_in" for 127.0.0.1 at 2015-07-28 11:42:10 +0300
Processing by Devise::SessionsController#new as HTML
  Rendered /home/alex/.rbenv/versions/2.2.1/lib/ruby/gems/2.2.0/gems/devise-3.5.1/app/views/devise/shared/_links.html.erb (2.1ms)
  Rendered /home/alex/.rbenv/versions/2.2.1/lib/ruby/gems/2.2.0/gems/devise-3.5.1/app/views/devise/sessions/new.html.erb within layouts/application (10.1ms)
Completed 200 OK in 52ms (Views: 47.7ms | ActiveRecord: 0.0ms)


Started POST "/users/sign_in" for 127.0.0.1 at 2015-07-28 11:42:12 +0300
Processing by Devise::SessionsController#create as HTML
  Parameters: {"utf8"=>"✓", "authenticity_token"=>"HKjZiJd9gpq8OhqOQwQYrpQIrxI3cNMDqWIwyYpI3S43ers8KFJmyV7nAOOp6u+K+q/BUtyyqt8BzSf86nd4fg==", "user"=>{"email"=>"alex@yahoo.com", "password"=>"[FILTERED]", "remember_me"=>"0"}, "commit"=>"Log in"}
  [1m[36mUser Load (0.7ms)[0m  [1mSELECT  "users".* FROM "users" WHERE "users"."email" = $1  ORDER BY "users"."id" ASC LIMIT 1[0m  [["email", "alex@yahoo.com"]]
  [1m[35m (0.2ms)[0m  BEGIN
  [1m[36mSQL (0.4ms)[0m  [1mUPDATE "users" SET "last_sign_in_at" = $1, "current_sign_in_at" = $2, "sign_in_count" = $3, "updated_at" = $4 WHERE "users"."id" = $5[0m  [["last_sign_in_at", "2015-07-28 08:24:43.239360"], ["current_sign_in_at", "2015-07-28 08:42:12.830581"], ["sign_in_count", 4], ["updated_at", "2015-07-28 08:42:12.832054"], ["id", 1]]
  [1m[35m (42.6ms)[0m  COMMIT
Redirected to http://localhost:3000/
Completed 302 Found in 156ms (ActiveRecord: 44.0ms)


Started GET "/" for 127.0.0.1 at 2015-07-28 11:42:12 +0300
Processing by ProductsController#index as HTML
  [1m[36mUser Load (0.6ms)[0m  [1mSELECT  "users".* FROM "users" WHERE "users"."id" = $1  ORDER BY "users"."id" ASC LIMIT 1[0m  [["id", 1]]
  [1m[35mProduct Load (0.5ms)[0m  SELECT "products".* FROM "products"
  Rendered products/index.html.erb within layouts/application (4.9ms)
Completed 200 OK in 53ms (Views: 48.8ms | ActiveRecord: 1.1ms)


Started GET "/" for 127.0.0.1 at 2015-07-28 12:03:02 +0300
Processing by ProductsController#index as HTML
  [1m[36mUser Load (0.3ms)[0m  [1mSELECT  "users".* FROM "users" WHERE "users"."id" = $1  ORDER BY "users"."id" ASC LIMIT 1[0m  [["id", 1]]
  [1m[35mProduct Load (0.4ms)[0m  SELECT "products".* FROM "products"
  Rendered products/index.html.erb within layouts/application (2.3ms)
Completed 200 OK in 33ms (Views: 29.9ms | ActiveRecord: 0.8ms)


Started GET "/users/sign_in" for 127.0.0.1 at 2015-07-28 12:03:08 +0300
Processing by Devise::SessionsController#new as HTML
  [1m[36mUser Load (0.4ms)[0m  [1mSELECT  "users".* FROM "users" WHERE "users"."id" = $1  ORDER BY "users"."id" ASC LIMIT 1[0m  [["id", 1]]
Redirected to http://localhost:3000/
Filter chain halted as :require_no_authentication rendered or redirected
Completed 302 Found in 4ms (ActiveRecord: 0.4ms)


Started GET "/" for 127.0.0.1 at 2015-07-28 12:03:08 +0300
Processing by ProductsController#index as HTML
  [1m[35mUser Load (0.4ms)[0m  SELECT  "users".* FROM "users" WHERE "users"."id" = $1  ORDER BY "users"."id" ASC LIMIT 1  [["id", 1]]
  [1m[36mProduct Load (0.5ms)[0m  [1mSELECT "products".* FROM "products"[0m
  Rendered products/index.html.erb within layouts/application (2.5ms)
Completed 200 OK in 38ms (Views: 34.7ms | ActiveRecord: 0.9ms)


Started DELETE "/users/sign_out" for 127.0.0.1 at 2015-07-28 12:03:09 +0300
Processing by Devise::SessionsController#destroy as HTML
  Parameters: {"authenticity_token"=>"1PRShppOOaJYdD2NNADtswj8/tfJqjpvTgRjx7PeTKJ+sRPj6iS5cUoVf8dOwN8vIGDhlLUurD6IzRGKD4t94A=="}
  [1m[35mUser Load (0.4ms)[0m  SELECT  "users".* FROM "users" WHERE "users"."id" = $1  ORDER BY "users"."id" ASC LIMIT 1  [["id", 1]]
  [1m[36m (0.3ms)[0m  [1mBEGIN[0m
  [1m[35m (0.3ms)[0m  COMMIT
Redirected to http://localhost:3000/
Completed 302 Found in 7ms (ActiveRecord: 1.1ms)


Started GET "/" for 127.0.0.1 at 2015-07-28 12:03:09 +0300
Processing by ProductsController#index as HTML
Completed 401 Unauthorized in 1ms (ActiveRecord: 0.0ms)


Started GET "/users/sign_in" for 127.0.0.1 at 2015-07-28 12:03:09 +0300
Processing by Devise::SessionsController#new as HTML
  Rendered /home/alex/.rbenv/versions/2.2.1/lib/ruby/gems/2.2.0/gems/devise-3.5.1/app/views/devise/shared/_links.html.erb (0.4ms)
  Rendered /home/alex/.rbenv/versions/2.2.1/lib/ruby/gems/2.2.0/gems/devise-3.5.1/app/views/devise/sessions/new.html.erb within layouts/application (3.8ms)
Completed 200 OK in 35ms (Views: 34.1ms | ActiveRecord: 0.0ms)


Started POST "/users/sign_in" for 127.0.0.1 at 2015-07-28 12:03:11 +0300
Processing by Devise::SessionsController#create as HTML
  Parameters: {"utf8"=>"✓", "authenticity_token"=>"oonHjdnrfmL/blJmM6lKJYsYrxJ1yc8IQprZbDNEDOt9tWf2FIcVB0CseViVz+NVhx5H2KzrIWz9znHKqQRjQg==", "user"=>{"email"=>"alex@yahoo.com", "password"=>"[FILTERED]", "remember_me"=>"0"}, "commit"=>"Log in"}
  [1m[36mUser Load (0.6ms)[0m  [1mSELECT  "users".* FROM "users" WHERE "users"."email" = $1  ORDER BY "users"."id" ASC LIMIT 1[0m  [["email", "alex@yahoo.com"]]
  [1m[35m (0.3ms)[0m  BEGIN
  [1m[36mSQL (0.4ms)[0m  [1mUPDATE "users" SET "last_sign_in_at" = $1, "current_sign_in_at" = $2, "sign_in_count" = $3, "updated_at" = $4 WHERE "users"."id" = $5[0m  [["last_sign_in_at", "2015-07-28 08:42:12.830581"], ["current_sign_in_at", "2015-07-28 09:03:11.766030"], ["sign_in_count", 5], ["updated_at", "2015-07-28 09:03:11.767355"], ["id", 1]]
  [1m[35m (9.6ms)[0m  COMMIT
Redirected to http://localhost:3000/
Completed 302 Found in 121ms (ActiveRecord: 11.0ms)


Started GET "/" for 127.0.0.1 at 2015-07-28 12:03:11 +0300
Processing by ProductsController#index as HTML
  [1m[36mUser Load (0.4ms)[0m  [1mSELECT  "users".* FROM "users" WHERE "users"."id" = $1  ORDER BY "users"."id" ASC LIMIT 1[0m  [["id", 1]]
  [1m[35mProduct Load (0.4ms)[0m  SELECT "products".* FROM "products"
  Rendered products/index.html.erb within layouts/application (2.7ms)
Completed 200 OK in 40ms (Views: 37.0ms | ActiveRecord: 0.7ms)


Started GET "/products/1/edit" for 127.0.0.1 at 2015-07-28 12:03:21 +0300
Processing by ProductsController#edit as HTML
  Parameters: {"id"=>"1"}
  [1m[36mUser Load (0.5ms)[0m  [1mSELECT  "users".* FROM "users" WHERE "users"."id" = $1  ORDER BY "users"."id" ASC LIMIT 1[0m  [["id", 1]]
  [1m[35mProduct Load (0.6ms)[0m  SELECT  "products".* FROM "products" WHERE "products"."id" = $1 LIMIT 1  [["id", 1]]
  Rendered products/_form.html.erb (4.3ms)
  Rendered products/edit.html.erb within layouts/application (5.8ms)
Completed 200 OK in 50ms (Views: 45.2ms | ActiveRecord: 1.0ms)


Started PATCH "/products/1" for 127.0.0.1 at 2015-07-28 12:03:25 +0300
Processing by ProductsController#update as HTML
  Parameters: {"utf8"=>"✓", "authenticity_token"=>"CUZugimzuzulw+dzAZffoPh93L5lRBRDC4AvXRAd/wRrV6CDapQ1xqCqsp52L9fXfEpHzPXN3y5auWj3N1I4Dw==", "product"=>{"title"=>"Palarie", "description"=>"Din pai", "image_url"=>"http://www.flu.ro/imggaleriimoda/6770_7390_big/Palarie_de_paie.jpg", "price"=>"330.0"}, "commit"=>"Update Product", "id"=>"1"}
  [1m[36mUser Load (0.7ms)[0m  [1mSELECT  "users".* FROM "users" WHERE "users"."id" = $1  ORDER BY "users"."id" ASC LIMIT 1[0m  [["id", 1]]
  [1m[35mProduct Load (0.5ms)[0m  SELECT  "products".* FROM "products" WHERE "products"."id" = $1 LIMIT 1  [["id", 1]]
  [1m[36m (0.2ms)[0m  [1mBEGIN[0m
  [1m[35mSQL (0.5ms)[0m  UPDATE "products" SET "description" = $1, "updated_at" = $2 WHERE "products"."id" = $3  [["description", "Din pai"], ["updated_at", "2015-07-28 09:03:25.701468"], ["id", 1]]
  [1m[36m (11.6ms)[0m  [1mCOMMIT[0m
Redirected to http://localhost:3000/products/1
Completed 302 Found in 23ms (ActiveRecord: 13.5ms)


Started GET "/products/1" for 127.0.0.1 at 2015-07-28 12:03:25 +0300
Processing by ProductsController#show as HTML
  Parameters: {"id"=>"1"}
  [1m[35mUser Load (0.3ms)[0m  SELECT  "users".* FROM "users" WHERE "users"."id" = $1  ORDER BY "users"."id" ASC LIMIT 1  [["id", 1]]
  [1m[36mProduct Load (0.4ms)[0m  [1mSELECT  "products".* FROM "products" WHERE "products"."id" = $1 LIMIT 1[0m  [["id", 1]]
  Rendered products/show.html.erb within layouts/application (0.5ms)
Completed 200 OK in 43ms (Views: 40.3ms | ActiveRecord: 0.7ms)


Started GET "/products" for 127.0.0.1 at 2015-07-28 12:03:30 +0300
Processing by ProductsController#index as HTML
  [1m[35mUser Load (0.4ms)[0m  SELECT  "users".* FROM "users" WHERE "users"."id" = $1  ORDER BY "users"."id" ASC LIMIT 1  [["id", 1]]
  [1m[36mProduct Load (0.5ms)[0m  [1mSELECT "products".* FROM "products"[0m
  Rendered products/index.html.erb within layouts/application (3.1ms)
Completed 200 OK in 48ms (Views: 43.8ms | ActiveRecord: 1.0ms)


Started GET "/products/1/edit" for 127.0.0.1 at 2015-07-28 12:03:34 +0300
Processing by ProductsController#edit as HTML
  Parameters: {"id"=>"1"}
  [1m[35mUser Load (0.4ms)[0m  SELECT  "users".* FROM "users" WHERE "users"."id" = $1  ORDER BY "users"."id" ASC LIMIT 1  [["id", 1]]
  [1m[36mProduct Load (0.5ms)[0m  [1mSELECT  "products".* FROM "products" WHERE "products"."id" = $1 LIMIT 1[0m  [["id", 1]]
  Rendered products/_form.html.erb (4.3ms)
  Rendered products/edit.html.erb within layouts/application (5.5ms)
Completed 200 OK in 49ms (Views: 44.6ms | ActiveRecord: 1.0ms)


Started PATCH "/products/1" for 127.0.0.1 at 2015-07-28 12:03:37 +0300
Processing by ProductsController#update as HTML
  Parameters: {"utf8"=>"✓", "authenticity_token"=>"6Us4nFN14yiRkgpcTn+JrZVNO7pPEvTZ3cbz7LyvJZ+LWvadEFJt1ZT7X7E5x4HaEXqgyN+bP7SM/7RGm+DilA==", "product"=>{"title"=>"Palarie", "description"=>"Din paie", "image_url"=>"http://www.flu.ro/imggaleriimoda/6770_7390_big/Palarie_de_paie.jpg", "price"=>"330.0"}, "commit"=>"Update Product", "id"=>"1"}
  [1m[35mUser Load (0.4ms)[0m  SELECT  "users".* FROM "users" WHERE "users"."id" = $1  ORDER BY "users"."id" ASC LIMIT 1  [["id", 1]]
  [1m[36mProduct Load (0.3ms)[0m  [1mSELECT  "products".* FROM "products" WHERE "products"."id" = $1 LIMIT 1[0m  [["id", 1]]
  [1m[35m (0.2ms)[0m  BEGIN
  [1m[36mSQL (0.5ms)[0m  [1mUPDATE "products" SET "description" = $1, "updated_at" = $2 WHERE "products"."id" = $3[0m  [["description", "Din paie"], ["updated_at", "2015-07-28 09:03:37.662938"], ["id", 1]]
  [1m[35m (5.7ms)[0m  COMMIT
Redirected to http://localhost:3000/products/1
Completed 302 Found in 14ms (ActiveRecord: 7.1ms)


Started GET "/products/1" for 127.0.0.1 at 2015-07-28 12:03:37 +0300
Processing by ProductsController#show as HTML
  Parameters: {"id"=>"1"}
  [1m[36mUser Load (0.4ms)[0m  [1mSELECT  "users".* FROM "users" WHERE "users"."id" = $1  ORDER BY "users"."id" ASC LIMIT 1[0m  [["id", 1]]
  [1m[35mProduct Load (0.3ms)[0m  SELECT  "products".* FROM "products" WHERE "products"."id" = $1 LIMIT 1  [["id", 1]]
  Rendered products/show.html.erb within layouts/application (0.5ms)
Completed 200 OK in 37ms (Views: 33.0ms | ActiveRecord: 0.7ms)


Started GET "/products" for 127.0.0.1 at 2015-07-28 12:03:39 +0300
Processing by ProductsController#index as HTML
  [1m[36mUser Load (0.5ms)[0m  [1mSELECT  "users".* FROM "users" WHERE "users"."id" = $1  ORDER BY "users"."id" ASC LIMIT 1[0m  [["id", 1]]
  [1m[35mProduct Load (0.6ms)[0m  SELECT "products".* FROM "products"
  Rendered products/index.html.erb within layouts/application (3.0ms)
Completed 200 OK in 47ms (Views: 43.5ms | ActiveRecord: 1.1ms)
